
UsersController
  GET #edit
    ログインユーザーの場合
[31m      レスポンスが成功すること (FAILED - 1)[0m
[31m      @userが正しく設定されていること (FAILED - 2)[0m

Bookモデルのテスト
  バリデーションのテスト
    titleカラム
[31m      空欄でないこと (FAILED - 3)[0m
    bodyカラム
[31m      空欄でないこと (FAILED - 4)[0m
[31m      200文字以下であること: 200文字は〇 (FAILED - 5)[0m
[31m      200文字以下であること: 201文字は× (FAILED - 6)[0m
  アソシエーションのテスト
    Userモデルとの関係
[32m      N:1となっている[0m

Userモデルのテスト
  バリデーションのテスト
    nameカラム
[31m      空欄でないこと (FAILED - 7)[0m
[31m      2文字以上であること: 1文字は× (FAILED - 8)[0m
[31m      2文字以上であること: 2文字は〇 (FAILED - 9)[0m
[31m      20文字以下であること: 20文字は〇 (FAILED - 10)[0m
[31m      20文字以下であること: 21文字は× (FAILED - 11)[0m
[31m      一意性があること (FAILED - 12)[0m
    introductionカラム
[31m      50文字以下であること: 50文字は〇 (FAILED - 13)[0m
[31m      50文字以下であること: 51文字は× (FAILED - 14)[0m
  アソシエーションのテスト
    Bookモデルとの関係
[31m      1:Nとなっている (FAILED - 15)[0m

[STEP1] ユーザログイン前のテスト
  トップ画面のテスト
    表示内容の確認
[32m      URLが正しい[0m
[31m      Log inリンクが表示される: 青色のボタンの表示が「Log in」である (FAILED - 16)[0m
[31m      Log inリンクの内容が正しい (FAILED - 17)[0m
[31m      Sign upリンクが表示される: 緑色のボタンの表示が「Sign up」である (FAILED - 18)[0m
[31m      Sign upリンクの内容が正しい (FAILED - 19)[0m
  アバウト画面のテスト
    表示内容の確認
[31m      URLが正しい (FAILED - 20)[0m
  ヘッダーのテスト: ログインしていない場合
    表示内容の確認
[31m      Bookersリンクが表示される: 左上から1番目のリンクが「Bookers」である (FAILED - 21)[0m
[31m      Homeリンクが表示される: 左上から2番目のリンクが「Home」である (FAILED - 22)[0m
[31m      Aboutリンクが表示される: 左上から3番目のリンクが「About」である (FAILED - 23)[0m
[31m      Sign upリンクが表示される: 左上から4番目のリンクが「Sign up」である (FAILED - 24)[0m
[31m      Log inリンクが表示される: 左上から5番目のリンクが「Log in」である (FAILED - 25)[0m
    リンクの内容を確認
[31m      Bookersを押すと、トップ画面に遷移する (FAILED - 26)[0m
[31m      Homeを押すと、トップ画面に遷移する (FAILED - 27)[0m
[31m      Aboutを押すと、アバウト画面に遷移する (FAILED - 28)[0m
[31m      Sign upを押すと、新規登録画面に遷移する (FAILED - 29)[0m
[31m      Log inを押すと、ログイン画面に遷移する (FAILED - 30)[0m
  ユーザ新規登録のテスト
    表示内容の確認
[32m      URLが正しい[0m
[31m      「Sign up」と表示される (FAILED - 31)[0m
[32m      nameフォームが表示される[0m
[32m      emailフォームが表示される[0m
[32m      passwordフォームが表示される[0m
[32m      password_confirmationフォームが表示される[0m
[32m      Sign upボタンが表示される[0m
    新規登録成功のテスト
[32m      正しく新規登録される[0m
[31m      新規登録後のリダイレクト先が、新規登録できたユーザの詳細画面になっている (FAILED - 32)[0m
  ユーザログイン
    表示内容の確認
[32m      URLが正しい[0m
[31m      「Log in」と表示される (FAILED - 33)[0m
[31m      nameフォームが表示される (FAILED - 34)[0m
[32m      passwordフォームが表示される[0m
[32m      Log inボタンが表示される[0m
[31m      emailフォームは表示されない (FAILED - 35)[0m
    ログイン成功のテスト
[31m      ログイン後のリダイレクト先が、ログインしたユーザの詳細画面になっている (FAILED - 36)[0m
    ログイン失敗のテスト
[31m      ログインに失敗し、ログイン画面にリダイレクトされる (FAILED - 37)[0m
  ヘッダーのテスト: ログインしている場合
    ヘッダーの表示を確認
[31m      Bookersリンクが表示される: 左上から1番目のリンクが「Bookers」である (FAILED - 38)[0m
[31m      Homeリンクが表示される: 左上から2番目のリンクが「Home」である (FAILED - 39)[0m
[31m      Usersリンクが表示される: 左上から3番目のリンクが「Users」である (FAILED - 40)[0m
[31m      Booksリンクが表示される: 左上から4番目のリンクが「Books」である (FAILED - 41)[0m
[31m      Log outリンクが表示される: 左上から5番目のリンクが「Log out」である (FAILED - 42)[0m
  ユーザログアウトのテスト
    ログアウト機能のテスト
[31m      正しくログアウトできている: ログアウト後のリダイレクト先においてAbout画面へのリンクが存在する (FAILED - 43)[0m
[31m      ログアウト後のリダイレクト先が、トップになっている (FAILED - 44)[0m

[STEP2] ユーザログイン後のテスト
  ヘッダーのテスト: ログインしている場合
    リンクの内容を確認: ※logoutは『ユーザログアウトのテスト』でテスト済みになります。
[31m      Homeを押すと、自分のユーザ詳細画面に遷移する (FAILED - 45)[0m
[31m      Usersを押すと、ユーザ一覧画面に遷移する (FAILED - 46)[0m
[31m      Booksを押すと、投稿一覧画面に遷移する (FAILED - 47)[0m
  投稿一覧画面のテスト
    表示内容の確認
[31m      URLが正しい (FAILED - 48)[0m
[31m      自分と他人の画像のリンク先が正しい (FAILED - 49)[0m
[31m      自分の投稿と他人の投稿のタイトルのリンク先がそれぞれ正しい (FAILED - 50)[0m
[31m      自分の投稿と他人の投稿のオピニオンが表示される (FAILED - 51)[0m
    サイドバーの確認
[31m      自分の名前と紹介文が表示される (FAILED - 52)[0m
[31m      自分のユーザ編集画面へのリンクが存在する (FAILED - 53)[0m
[31m      「New book」と表示される (FAILED - 54)[0m
[31m      titleフォームが表示される (FAILED - 55)[0m
[31m      titleフォームに値が入っていない (FAILED - 56)[0m
[31m      bodyフォームが表示される (FAILED - 57)[0m
[31m      bodyフォームに値が入っていない (FAILED - 58)[0m
[31m      Create Bookボタンが表示される (FAILED - 59)[0m
    投稿成功のテスト
[31m      自分の新しい投稿が正しく保存される (FAILED - 60)[0m
[31m      リダイレクト先が、保存できた投稿の詳細画面になっている (FAILED - 61)[0m
  自分の投稿詳細画面のテスト
    表示内容の確認
[31m      URLが正しい (FAILED - 62)[0m
[31m      「Book detail」と表示される (FAILED - 63)[0m
[31m      ユーザ画像・名前のリンク先が正しい (FAILED - 64)[0m
[31m      投稿のtitleが表示される (FAILED - 65)[0m
[31m      投稿のbodyが表示される (FAILED - 66)[0m
[31m      投稿の編集リンクが表示される (FAILED - 67)[0m
[31m      投稿の削除リンクが表示される (FAILED - 68)[0m
    サイドバーの確認
[31m      自分の名前と紹介文が表示される (FAILED - 69)[0m
[31m      自分のユーザ編集画面へのリンクが存在する (FAILED - 70)[0m
[31m      「New book」と表示される (FAILED - 71)[0m
[31m      titleフォームが表示される (FAILED - 72)[0m
[31m      titleフォームに値が入っていない (FAILED - 73)[0m
[31m      bodyフォームが表示される (FAILED - 74)[0m
[31m      bodyフォームに値が入っていない (FAILED - 75)[0m
[31m      Create Bookボタンが表示される (FAILED - 76)[0m
    投稿成功のテスト
[31m      自分の新しい投稿が正しく保存される (FAILED - 77)[0m
    編集リンクのテスト
[31m      編集画面に遷移する (FAILED - 78)[0m
    削除リンクのテスト
[31m      application.html.erbにjavascript_pack_tagを含んでいる (FAILED - 79)[0m
[31m      正しく削除される (FAILED - 80)[0m
[31m      リダイレクト先が、投稿一覧画面になっている (FAILED - 81)[0m
  自分の投稿編集画面のテスト
    表示の確認
[31m      URLが正しい (FAILED - 82)[0m
[31m      「Editing Book」と表示される (FAILED - 83)[0m
[31m      title編集フォームが表示される (FAILED - 84)[0m
[31m      body編集フォームが表示される (FAILED - 85)[0m
[31m      Update Bookボタンが表示される (FAILED - 86)[0m
[31m      Showリンクが表示される (FAILED - 87)[0m
[31m      Backリンクが表示される (FAILED - 88)[0m
    編集成功のテスト
[31m      titleが正しく更新される (FAILED - 89)[0m
[31m      bodyが正しく更新される (FAILED - 90)[0m
[31m      リダイレクト先が、更新した投稿の詳細画面になっている (FAILED - 91)[0m
  ユーザ一覧画面のテスト
    表示内容の確認
[31m      URLが正しい (FAILED - 92)[0m
[31m      自分と他人の画像が表示される: fallbackの画像がサイドバーの1つ＋一覧(2人)の2つの計3つ存在する (FAILED - 93)[0m
[31m      自分と他人の名前がそれぞれ表示される (FAILED - 94)[0m
[31m      自分と他人のshowリンクがそれぞれ表示される (FAILED - 95)[0m
    サイドバーの確認
[31m      自分の名前と紹介文が表示される (FAILED - 96)[0m
[31m      自分のユーザ編集画面へのリンクが存在する (FAILED - 97)[0m
[31m      「New book」と表示される (FAILED - 98)[0m
[31m      titleフォームが表示される (FAILED - 99)[0m
[31m      titleフォームに値が入っていない (FAILED - 100)[0m
[31m      bodyフォームが表示される (FAILED - 101)[0m
[31m      bodyフォームに値が入っていない (FAILED - 102)[0m
[31m      Create Bookボタンが表示される (FAILED - 103)[0m
  自分のユーザ詳細画面のテスト
    表示の確認
[31m      URLが正しい (FAILED - 104)[0m
[31m      投稿一覧のユーザ画像のリンク先が正しい (FAILED - 105)[0m
[31m      投稿一覧に自分の投稿のtitleが表示され、リンクが正しい (FAILED - 106)[0m
[31m      投稿一覧に自分の投稿のbodyが表示される (FAILED - 107)[0m
[31m      他人の投稿は表示されない (FAILED - 108)[0m
    サイドバーの確認
[31m      自分の名前と紹介文が表示される (FAILED - 109)[0m
[31m      自分のユーザ編集画面へのリンクが存在する (FAILED - 110)[0m
[31m      「New book」と表示される (FAILED - 111)[0m
[31m      titleフォームが表示される (FAILED - 112)[0m
[31m      titleフォームに値が入っていない (FAILED - 113)[0m
[31m      bodyフォームが表示される (FAILED - 114)[0m
[31m      bodyフォームに値が入っていない (FAILED - 115)[0m
[31m      Create Bookボタンが表示される (FAILED - 116)[0m
  自分のユーザ情報編集画面のテスト
    表示の確認
[31m      URLが正しい (FAILED - 117)[0m
[31m      名前編集フォームに自分の名前が表示される (FAILED - 118)[0m
[31m      画像編集フォームが表示される (FAILED - 119)[0m
[31m      自己紹介編集フォームに自分の自己紹介文が表示される (FAILED - 120)[0m
[31m      Update Userボタンが表示される (FAILED - 121)[0m
    更新成功のテスト
[31m      nameが正しく更新される (FAILED - 122)[0m
[31m      introductionが正しく更新される (FAILED - 123)[0m
[31m      リダイレクト先が、自分のユーザ詳細画面になっている (FAILED - 124)[0m

[STEP3] 仕上げのテスト
  サクセスメッセージのテスト
[31m    ユーザ新規登録成功時 (FAILED - 125)[0m
[31m    ユーザログイン成功時 (FAILED - 126)[0m
[31m    ユーザログアウト成功時 (FAILED - 127)[0m
[31m    ユーザのプロフィール情報更新成功時 (FAILED - 128)[0m
[31m    投稿データの新規投稿成功時: 投稿一覧画面から行います。 (FAILED - 129)[0m
[31m    投稿データの更新成功時 (FAILED - 130)[0m
  処理失敗時のテスト
    ユーザ新規登録失敗: nameを1文字にする
[31m      新規登録されない (FAILED - 131)[0m
[31m      新規登録画面を表示しており、フォームの内容が正しい (FAILED - 132)[0m
[31m      バリデーションエラーが表示される (FAILED - 133)[0m
    ユーザのプロフィール情報編集失敗: nameを1文字にする
[31m      更新されない (FAILED - 134)[0m
[31m      ユーザ編集画面を表示しており、フォームの内容が正しい (FAILED - 135)[0m
[31m      バリデーションエラーが表示される (FAILED - 136)[0m
    投稿データの新規投稿失敗: 投稿一覧画面から行い、titleを空にする
[31m      投稿が保存されない (FAILED - 137)[0m
[31m      投稿一覧画面を表示している (FAILED - 138)[0m
[31m      新規投稿フォームの内容が正しい (FAILED - 139)[0m
[31m      バリデーションエラーが表示される (FAILED - 140)[0m
    投稿データの更新失敗: titleを空にする
[31m      投稿が更新されない (FAILED - 141)[0m
[31m      投稿編集画面を表示しており、フォームの内容が正しい (FAILED - 142)[0m
[31m      エラーメッセージが表示される (FAILED - 143)[0m
  ログインしていない場合のアクセス制限のテスト: アクセスできず、ログイン画面に遷移する
[31m    ユーザ一覧画面 (FAILED - 144)[0m
[31m    ユーザ詳細画面 (FAILED - 145)[0m
[31m    ユーザ情報編集画面 (FAILED - 146)[0m
[31m    投稿一覧画面 (FAILED - 147)[0m
[31m    投稿詳細画面 (FAILED - 148)[0m
[31m    投稿編集画面 (FAILED - 149)[0m
  他人の画面のテスト
    他人の投稿詳細画面のテスト
      表示内容の確認
[31m        URLが正しい (FAILED - 150)[0m
[31m        「Book detail」と表示される (FAILED - 151)[0m
[31m        ユーザ画像・名前のリンク先が正しい (FAILED - 152)[0m
[31m        投稿のtitleが表示される (FAILED - 153)[0m
[31m        投稿のopinionが表示される (FAILED - 154)[0m
[31m        投稿の編集リンクが表示されない (FAILED - 155)[0m
[31m        投稿の削除リンクが表示されない (FAILED - 156)[0m
      サイドバーの確認
[31m        他人の名前と紹介文が表示される (FAILED - 157)[0m
[31m        他人のユーザ編集画面へのリンクが存在する (FAILED - 158)[0m
[31m        自分の名前と紹介文は表示されない (FAILED - 159)[0m
[31m        自分のユーザ編集画面へのリンクは存在しない (FAILED - 160)[0m
    他人の投稿編集画面
[31m      遷移できず、投稿一覧画面にリダイレクトされる (FAILED - 161)[0m
    他人のユーザ詳細画面のテスト
      表示の確認
[31m        URLが正しい (FAILED - 162)[0m
[31m        投稿一覧のユーザ画像のリンク先が正しい (FAILED - 163)[0m
[31m        投稿一覧に他人の投稿のtitleが表示され、リンクが正しい (FAILED - 164)[0m
[31m        投稿一覧に他人の投稿のopinionが表示される (FAILED - 165)[0m
[31m        自分の投稿は表示されない (FAILED - 166)[0m
      サイドバーの確認
[31m        他人の名前と紹介文が表示される (FAILED - 167)[0m
[31m        他人のユーザ編集画面へのリンクが存在する (FAILED - 168)[0m
[31m        自分の名前と紹介文は表示されない (FAILED - 169)[0m
[31m        自分のユーザ編集画面へのリンクは存在しない (FAILED - 170)[0m
    他人のユーザ情報編集画面
[31m      遷移できず、自分のユーザ詳細画面にリダイレクトされる (FAILED - 171)[0m
  グリッドシステムのテスト: container, row, col-md-〇を正しく使えている
[31m    ユーザ一覧画面 (FAILED - 172)[0m
[31m    ユーザ詳細画面 (FAILED - 173)[0m
[31m    投稿一覧画面 (FAILED - 174)[0m
[31m    投稿詳細画面 (FAILED - 175)[0m
  アイコンのテスト
    トップ画面
[31m      本のアイコンが表示される (FAILED - 176)[0m
    アバウト画面
[31m      本のアイコンが表示される (FAILED - 177)[0m
    ヘッダー: ログインしていない場合
[31m      Homeリンクのアイコンが表示される (FAILED - 178)[0m
[31m      Aboutリンクのアイコンが表示される (FAILED - 179)[0m
[31m      Sign upリンクのアイコンが表示される (FAILED - 180)[0m
[31m      Log inリンクのアイコンが表示される (FAILED - 181)[0m
    ヘッダー: ログインしている場合
[31m      Homeリンクのアイコンが表示される (FAILED - 182)[0m
[31m      Usersリンクのアイコンが表示される (FAILED - 183)[0m
[31m      Booksリンクのアイコンが表示される (FAILED - 184)[0m
[31m      Log outリンクのアイコンが表示される (FAILED - 185)[0m
    サイドバー
[31m      ユーザ一覧画面でレンチアイコンが表示される (FAILED - 186)[0m
[31m      ユーザ詳細画面でレンチアイコンが表示される (FAILED - 187)[0m
[31m      投稿一覧画面でレンチアイコンが表示される (FAILED - 188)[0m
[31m      投稿詳細画面でレンチアイコンが表示される (FAILED - 189)[0m

Failures:

  1) UsersController GET #edit ログインユーザーの場合 レスポンスが成功すること
     [31mFailure/Error: let!(:user) { create(:user) }[0m
     [31m[0m
     [31mNoMethodError:[0m
     [31m  undefined method `introduction=' for #<User id: nil, email: "beryl@fahey.example", name: "zprkc51emk", created_at: nil, updated_at: nil>[0m
     [36m# ./spec/controllers/users_controller_spec.rb:4:in `block (2 levels) in <top (required)>'[0m

  2) UsersController GET #edit ログインユーザーの場合 @userが正しく設定されていること
     [31mFailure/Error: let!(:user) { create(:user) }[0m
     [31m[0m
     [31mNoMethodError:[0m
     [31m  undefined method `introduction=' for #<User id: nil, email: "clarine@cronin-turner.test", name: "mxdu4xfh0m", created_at: nil, updated_at: nil>[0m
     [36m# ./spec/controllers/users_controller_spec.rb:4:in `block (2 levels) in <top (required)>'[0m

  3) Bookモデルのテスト バリデーションのテスト titleカラム 空欄でないこと
     [31mFailure/Error: let(:user) { create(:user) }[0m
     [31m[0m
     [31mNoMethodError:[0m
     [31m  undefined method `introduction=' for #<User id: nil, email: "alfonso@rowe.test", name: "dzj8ze7p55", created_at: nil, updated_at: nil>[0m
     [36m# ./spec/models/book_spec.rb:7:in `block (3 levels) in <main>'[0m
     [36m# ./spec/models/book_spec.rb:8:in `block (3 levels) in <main>'[0m

  4) Bookモデルのテスト バリデーションのテスト bodyカラム 空欄でないこと
     [31mFailure/Error: let(:user) { create(:user) }[0m
     [31m[0m
     [31mNoMethodError:[0m
     [31m  undefined method `introduction=' for #<User id: nil, email: "eustolia@ward.example", name: "zn5nlapv5n", created_at: nil, updated_at: nil>[0m
     [36m# ./spec/models/book_spec.rb:7:in `block (3 levels) in <main>'[0m
     [36m# ./spec/models/book_spec.rb:8:in `block (3 levels) in <main>'[0m

  5) Bookモデルのテスト バリデーションのテスト bodyカラム 200文字以下であること: 200文字は〇
     [31mFailure/Error: let(:user) { create(:user) }[0m
     [31m[0m
     [31mNoMethodError:[0m
     [31m  undefined method `introduction=' for #<User id: nil, email: "bob.kovacek@leuschke.test", name: "v6519hxw1d", created_at: nil, updated_at: nil>[0m
     [36m# ./spec/models/book_spec.rb:7:in `block (3 levels) in <main>'[0m
     [36m# ./spec/models/book_spec.rb:8:in `block (3 levels) in <main>'[0m

  6) Bookモデルのテスト バリデーションのテスト bodyカラム 200文字以下であること: 201文字は×
     [31mFailure/Error: let(:user) { create(:user) }[0m
     [31m[0m
     [31mNoMethodError:[0m
     [31m  undefined method `introduction=' for #<User id: nil, email: "marcell@kilback.test", name: "l40yhzspy0", created_at: nil, updated_at: nil>[0m
     [36m# ./spec/models/book_spec.rb:7:in `block (3 levels) in <main>'[0m
     [36m# ./spec/models/book_spec.rb:8:in `block (3 levels) in <main>'[0m

  7) Userモデルのテスト バリデーションのテスト nameカラム 空欄でないこと
     [31mFailure/Error: let!(:other_user) { create(:user) }[0m
     [31m[0m
     [31mNoMethodError:[0m
     [31m  undefined method `introduction=' for #<User id: nil, email: "chantel@oberbrunner-krajcik.test", name: "xve3fesw5a", created_at: nil, updated_at: nil>[0m
     [36m# ./spec/models/user_spec.rb:7:in `block (3 levels) in <main>'[0m

  8) Userモデルのテスト バリデーションのテスト nameカラム 2文字以上であること: 1文字は×
     [31mFailure/Error: let!(:other_user) { create(:user) }[0m
     [31m[0m
     [31mNoMethodError:[0m
     [31m  undefined method `introduction=' for #<User id: nil, email: "mario@baumbach.test", name: "08nsyrh66r", created_at: nil, updated_at: nil>[0m
     [36m# ./spec/models/user_spec.rb:7:in `block (3 levels) in <main>'[0m

  9) Userモデルのテスト バリデーションのテスト nameカラム 2文字以上であること: 2文字は〇
     [31mFailure/Error: let!(:other_user) { create(:user) }[0m
     [31m[0m
     [31mNoMethodError:[0m
     [31m  undefined method `introduction=' for #<User id: nil, email: "flora.franecki@tillman.test", name: "hsmdy1o073", created_at: nil, updated_at: nil>[0m
     [36m# ./spec/models/user_spec.rb:7:in `block (3 levels) in <main>'[0m

  10) Userモデルのテスト バリデーションのテスト nameカラム 20文字以下であること: 20文字は〇
      [31mFailure/Error: let!(:other_user) { create(:user) }[0m
      [31m[0m
      [31mNoMethodError:[0m
      [31m  undefined method `introduction=' for #<User id: nil, email: "una_sawayn@mitchell-weissnat.test", name: "wz4g6y2qtr", created_at: nil, updated_at: nil>[0m
      [36m# ./spec/models/user_spec.rb:7:in `block (3 levels) in <main>'[0m

  11) Userモデルのテスト バリデーションのテスト nameカラム 20文字以下であること: 21文字は×
      [31mFailure/Error: let!(:other_user) { create(:user) }[0m
      [31m[0m
      [31mNoMethodError:[0m
      [31m  undefined method `introduction=' for #<User id: nil, email: "lacie.botsford@stehr-franecki.example", name: "xw2hzx9mb5", created_at: nil, updated_at: nil>[0m
      [36m# ./spec/models/user_spec.rb:7:in `block (3 levels) in <main>'[0m

  12) Userモデルのテスト バリデーションのテスト nameカラム 一意性があること
      [31mFailure/Error: let!(:other_user) { create(:user) }[0m
      [31m[0m
      [31mNoMethodError:[0m
      [31m  undefined method `introduction=' for #<User id: nil, email: "yon.rempel@wunsch.test", name: "hqe1aktjlr", created_at: nil, updated_at: nil>[0m
      [36m# ./spec/models/user_spec.rb:7:in `block (3 levels) in <main>'[0m

  13) Userモデルのテスト バリデーションのテスト introductionカラム 50文字以下であること: 50文字は〇
      [31mFailure/Error: let!(:other_user) { create(:user) }[0m
      [31m[0m
      [31mNoMethodError:[0m
      [31m  undefined method `introduction=' for #<User id: nil, email: "delila@oreilly.test", name: "w52yfr1lpd", created_at: nil, updated_at: nil>[0m
      [36m# ./spec/models/user_spec.rb:7:in `block (3 levels) in <main>'[0m

  14) Userモデルのテスト バリデーションのテスト introductionカラム 50文字以下であること: 51文字は×
      [31mFailure/Error: let!(:other_user) { create(:user) }[0m
      [31m[0m
      [31mNoMethodError:[0m
      [31m  undefined method `introduction=' for #<User id: nil, email: "harriet_spencer@kshlerin.example", name: "b39agft86f", created_at: nil, updated_at: nil>[0m
      [36m# ./spec/models/user_spec.rb:7:in `block (3 levels) in <main>'[0m

  15) Userモデルのテスト アソシエーションのテスト Bookモデルとの関係 1:Nとなっている
      [31mFailure/Error: expect(User.reflect_on_association(:books).macro).to eq :has_many[0m
      [31m[0m
      [31mNoMethodError:[0m
      [31m  undefined method `macro' for nil:NilClass[0m
      [31m[0m
      [31m          expect(User.reflect_on_association(:books).macro).to eq :has_many[0m
      [31m                                                    ^^^^^^[0m
      [36m# ./spec/models/user_spec.rb:52:in `block (4 levels) in <main>'[0m

  16) [STEP1] ユーザログイン前のテスト トップ画面のテスト 表示内容の確認 Log inリンクが表示される: 青色のボタンの表示が「Log in」である
      [31mFailure/Error: log_in_link = find_all('a')[5].text[0m
      [31m[0m
      [31mNoMethodError:[0m
      [31m  undefined method `text' for nil:NilClass[0m
      [31m[0m
      [31m          log_in_link = find_all('a')[5].text[0m
      [31m                                        ^^^^^[0m
      [36m# ./spec/system/01_before_login_spec.rb:14:in `block (4 levels) in <main>'[0m

  17) [STEP1] ユーザログイン前のテスト トップ画面のテスト 表示内容の確認 Log inリンクの内容が正しい
      [31mFailure/Error: log_in_link = find_all('a')[5].text[0m
      [31m[0m
      [31mNoMethodError:[0m
      [31m  undefined method `text' for nil:NilClass[0m
      [31m[0m
      [31m          log_in_link = find_all('a')[5].text[0m
      [31m                                        ^^^^^[0m
      [36m# ./spec/system/01_before_login_spec.rb:18:in `block (4 levels) in <main>'[0m

  18) [STEP1] ユーザログイン前のテスト トップ画面のテスト 表示内容の確認 Sign upリンクが表示される: 緑色のボタンの表示が「Sign up」である
      [31mFailure/Error: sign_up_link = find_all('a')[6].text[0m
      [31m[0m
      [31mNoMethodError:[0m
      [31m  undefined method `text' for nil:NilClass[0m
      [31m[0m
      [31m          sign_up_link = find_all('a')[6].text[0m
      [31m                                         ^^^^^[0m
      [36m# ./spec/system/01_before_login_spec.rb:22:in `block (4 levels) in <main>'[0m

  19) [STEP1] ユーザログイン前のテスト トップ画面のテスト 表示内容の確認 Sign upリンクの内容が正しい
      [31mFailure/Error: sign_up_link = find_all('a')[6].text[0m
      [31m[0m
      [31mNoMethodError:[0m
      [31m  undefined method `text' for nil:NilClass[0m
      [31m[0m
      [31m          sign_up_link = find_all('a')[6].text[0m
      [31m                                         ^^^^^[0m
      [36m# ./spec/system/01_before_login_spec.rb:26:in `block (4 levels) in <main>'[0m

  20) [STEP1] ユーザログイン前のテスト アバウト画面のテスト 表示内容の確認 URLが正しい
      [31mFailure/Error: expect(current_path).to eq '/home/about'[0m
      [31m[0m
      [31m  expected: "/home/about"[0m
      [31m       got: "/users/sign_in"[0m
      [31m[0m
      [31m  (compared using ==)[0m
      [36m# ./spec/system/01_before_login_spec.rb:39:in `block (4 levels) in <main>'[0m

  21) [STEP1] ユーザログイン前のテスト ヘッダーのテスト: ログインしていない場合 表示内容の確認 Bookersリンクが表示される: 左上から1番目のリンクが「Bookers」である
      [31mFailure/Error: expect(home_link).to match(/Bookers/)[0m
      [31m[0m
      [31m  expected "新規登録" to match /Bookers/[0m
      [31m  Diff:[0m[0m
      [31m  [0m[34m@@ -1 +1 @@[0m
      [31m  [0m[31m-/Bookers/[0m
      [31m  [0m[32m+"新規登録"[0m
      [31m  [0m[0m
      [36m# ./spec/system/01_before_login_spec.rb:52:in `block (4 levels) in <main>'[0m

  22) [STEP1] ユーザログイン前のテスト ヘッダーのテスト: ログインしていない場合 表示内容の確認 Homeリンクが表示される: 左上から2番目のリンクが「Home」である
      [31mFailure/Error: expect(home_link).to match(/Home/)[0m
      [31m[0m
      [31m  expected "ログイン" to match /Home/[0m
      [31m  Diff:[0m[0m
      [31m  [0m[34m@@ -1 +1 @@[0m
      [31m  [0m[31m-/Home/[0m
      [31m  [0m[32m+"ログイン"[0m
      [31m  [0m[0m
      [36m# ./spec/system/01_before_login_spec.rb:56:in `block (4 levels) in <main>'[0m

  23) [STEP1] ユーザログイン前のテスト ヘッダーのテスト: ログインしていない場合 表示内容の確認 Aboutリンクが表示される: 左上から3番目のリンクが「About」である
      [31mFailure/Error: about_link = find_all('a')[2].text[0m
      [31m[0m
      [31mNoMethodError:[0m
      [31m  undefined method `text' for nil:NilClass[0m
      [31m[0m
      [31m          about_link = find_all('a')[2].text[0m
      [31m                                       ^^^^^[0m
      [36m# ./spec/system/01_before_login_spec.rb:59:in `block (4 levels) in <main>'[0m

  24) [STEP1] ユーザログイン前のテスト ヘッダーのテスト: ログインしていない場合 表示内容の確認 Sign upリンクが表示される: 左上から4番目のリンクが「Sign up」である
      [31mFailure/Error: signup_link = find_all('a')[3].text[0m
      [31m[0m
      [31mNoMethodError:[0m
      [31m  undefined method `text' for nil:NilClass[0m
      [31m[0m
      [31m          signup_link = find_all('a')[3].text[0m
      [31m                                        ^^^^^[0m
      [36m# ./spec/system/01_before_login_spec.rb:63:in `block (4 levels) in <main>'[0m

  25) [STEP1] ユーザログイン前のテスト ヘッダーのテスト: ログインしていない場合 表示内容の確認 Log inリンクが表示される: 左上から5番目のリンクが「Log in」である
      [31mFailure/Error: login_link = find_all('a')[4].text[0m
      [31m[0m
      [31mNoMethodError:[0m
      [31m  undefined method `text' for nil:NilClass[0m
      [31m[0m
      [31m          login_link = find_all('a')[4].text[0m
      [31m                                       ^^^^^[0m
      [36m# ./spec/system/01_before_login_spec.rb:67:in `block (4 levels) in <main>'[0m

  26) [STEP1] ユーザログイン前のテスト ヘッダーのテスト: ログインしていない場合 リンクの内容を確認 Bookersを押すと、トップ画面に遷移する
      [31mFailure/Error: is_expected.to eq '/'[0m
      [31m[0m
      [31m  expected: "/"[0m
      [31m       got: "/users/sign_up"[0m
      [31m[0m
      [31m  (compared using ==)[0m
      [36m# ./spec/system/01_before_login_spec.rb:80:in `block (4 levels) in <main>'[0m

  27) [STEP1] ユーザログイン前のテスト ヘッダーのテスト: ログインしていない場合 リンクの内容を確認 Homeを押すと、トップ画面に遷移する
      [31mFailure/Error: is_expected.to eq '/'[0m
      [31m[0m
      [31m  expected: "/"[0m
      [31m       got: "/users/sign_in"[0m
      [31m[0m
      [31m  (compared using ==)[0m
      [36m# ./spec/system/01_before_login_spec.rb:87:in `block (4 levels) in <main>'[0m

  28) [STEP1] ユーザログイン前のテスト ヘッダーのテスト: ログインしていない場合 リンクの内容を確認 Aboutを押すと、アバウト画面に遷移する
      [31mFailure/Error: about_link = find_all('a')[2].text[0m
      [31m[0m
      [31mNoMethodError:[0m
      [31m  undefined method `text' for nil:NilClass[0m
      [31m[0m
      [31m          about_link = find_all('a')[2].text[0m
      [31m                                       ^^^^^[0m
      [36m# ./spec/system/01_before_login_spec.rb:90:in `block (4 levels) in <main>'[0m

  29) [STEP1] ユーザログイン前のテスト ヘッダーのテスト: ログインしていない場合 リンクの内容を確認 Sign upを押すと、新規登録画面に遷移する
      [31mFailure/Error: signup_link = find_all('a')[3].text[0m
      [31m[0m
      [31mNoMethodError:[0m
      [31m  undefined method `text' for nil:NilClass[0m
      [31m[0m
      [31m          signup_link = find_all('a')[3].text[0m
      [31m                                        ^^^^^[0m
      [36m# ./spec/system/01_before_login_spec.rb:96:in `block (4 levels) in <main>'[0m

  30) [STEP1] ユーザログイン前のテスト ヘッダーのテスト: ログインしていない場合 リンクの内容を確認 Log inを押すと、ログイン画面に遷移する
      [31mFailure/Error: login_link = find_all('a')[4].text[0m
      [31m[0m
      [31mNoMethodError:[0m
      [31m  undefined method `text' for nil:NilClass[0m
      [31m[0m
      [31m          login_link = find_all('a')[4].text[0m
      [31m                                       ^^^^^[0m
      [36m# ./spec/system/01_before_login_spec.rb:102:in `block (4 levels) in <main>'[0m

  31) [STEP1] ユーザログイン前のテスト ユーザ新規登録のテスト 表示内容の確認 「Sign up」と表示される
      [31mFailure/Error: expect(page).to have_content 'Sign up'[0m
      [31m[0m
      [31mCapybara::Ambiguous:[0m
      [31m  Ambiguous match, found 2 elements matching visible xpath "/html"[0m
      [36m# ./spec/system/01_before_login_spec.rb:120:in `block (4 levels) in <main>'[0m

  32) [STEP1] ユーザログイン前のテスト ユーザ新規登録のテスト 新規登録成功のテスト 新規登録後のリダイレクト先が、新規登録できたユーザの詳細画面になっている
      [31mFailure/Error: expect(current_path).to eq '/users/' + User.last.id.to_s[0m
      [31m[0m
      [31m  expected: "/users/1"[0m
      [31m       got: "/home/about"[0m
      [31m[0m
      [31m  (compared using ==)[0m
      [36m# ./spec/system/01_before_login_spec.rb:152:in `block (4 levels) in <main>'[0m

  33) [STEP1] ユーザログイン前のテスト ユーザログイン 表示内容の確認 「Log in」と表示される
      [31mFailure/Error: expect(page).to have_content 'Log in'[0m
      [31m[0m
      [31mCapybara::Ambiguous:[0m
      [31m  Ambiguous match, found 2 elements matching visible xpath "/html"[0m
      [36m# ./spec/system/01_before_login_spec.rb:169:in `block (4 levels) in <main>'[0m

  34) [STEP1] ユーザログイン前のテスト ユーザログイン 表示内容の確認 nameフォームが表示される
      [31mFailure/Error: expect(page).to have_field 'user[name]'[0m
      [31m  expected to find field "user[name]" that is not disabled but there were no matches[0m
      [36m# ./spec/system/01_before_login_spec.rb:172:in `block (4 levels) in <main>'[0m

  35) [STEP1] ユーザログイン前のテスト ユーザログイン 表示内容の確認 emailフォームは表示されない
      [31mFailure/Error: expect(page).not_to have_field 'user[email]'[0m
      [31m  expected not to find visible field "user[email]" that is not disabled, found 1 match: ""[0m
      [36m# ./spec/system/01_before_login_spec.rb:181:in `block (4 levels) in <main>'[0m

  36) [STEP1] ユーザログイン前のテスト ユーザログイン ログイン成功のテスト ログイン後のリダイレクト先が、ログインしたユーザの詳細画面になっている
      [31mFailure/Error: let(:user) { create(:user) }[0m
      [31m[0m
      [31mNoMethodError:[0m
      [31m  undefined method `introduction=' for #<User id: nil, email: "zachariah@cartwright.example", name: "zi96rb3dil", created_at: nil, updated_at: nil>[0m
      [36m# ./spec/system/01_before_login_spec.rb:158:in `block (3 levels) in <main>'[0m
      [36m# ./spec/system/01_before_login_spec.rb:187:in `block (4 levels) in <main>'[0m

  37) [STEP1] ユーザログイン前のテスト ユーザログイン ログイン失敗のテスト ログインに失敗し、ログイン画面にリダイレクトされる
      [31mFailure/Error: fill_in 'user[name]', with: ''[0m
      [31m[0m
      [31mCapybara::ElementNotFound:[0m
      [31m  Unable to find field "user[name]" that is not disabled[0m
      [36m# ./spec/system/01_before_login_spec.rb:199:in `block (4 levels) in <main>'[0m

  38) [STEP1] ユーザログイン前のテスト ヘッダーのテスト: ログインしている場合 ヘッダーの表示を確認 Bookersリンクが表示される: 左上から1番目のリンクが「Bookers」である
      [31mFailure/Error: let(:user) { create(:user) }[0m
      [31m[0m
      [31mNoMethodError:[0m
      [31m  undefined method `introduction=' for #<User id: nil, email: "margareta.labadie@okeefe.example", name: "yld1cb6xjf", created_at: nil, updated_at: nil>[0m
      [36m# ./spec/system/01_before_login_spec.rb:211:in `block (3 levels) in <main>'[0m
      [36m# ./spec/system/01_before_login_spec.rb:215:in `block (3 levels) in <main>'[0m

  39) [STEP1] ユーザログイン前のテスト ヘッダーのテスト: ログインしている場合 ヘッダーの表示を確認 Homeリンクが表示される: 左上から2番目のリンクが「Home」である
      [31mFailure/Error: let(:user) { create(:user) }[0m
      [31m[0m
      [31mNoMethodError:[0m
      [31m  undefined method `introduction=' for #<User id: nil, email: "marica_ritchie@walsh-hauck.test", name: "i72jr8n35t", created_at: nil, updated_at: nil>[0m
      [36m# ./spec/system/01_before_login_spec.rb:211:in `block (3 levels) in <main>'[0m
      [36m# ./spec/system/01_before_login_spec.rb:215:in `block (3 levels) in <main>'[0m

  40) [STEP1] ユーザログイン前のテスト ヘッダーのテスト: ログインしている場合 ヘッダーの表示を確認 Usersリンクが表示される: 左上から3番目のリンクが「Users」である
      [31mFailure/Error: let(:user) { create(:user) }[0m
      [31m[0m
      [31mNoMethodError:[0m
      [31m  undefined method `introduction=' for #<User id: nil, email: "tamika.predovic@kub.example", name: "ciakkfmd69", created_at: nil, updated_at: nil>[0m
      [36m# ./spec/system/01_before_login_spec.rb:211:in `block (3 levels) in <main>'[0m
      [36m# ./spec/system/01_before_login_spec.rb:215:in `block (3 levels) in <main>'[0m

  41) [STEP1] ユーザログイン前のテスト ヘッダーのテスト: ログインしている場合 ヘッダーの表示を確認 Booksリンクが表示される: 左上から4番目のリンクが「Books」である
      [31mFailure/Error: let(:user) { create(:user) }[0m
      [31m[0m
      [31mNoMethodError:[0m
      [31m  undefined method `introduction=' for #<User id: nil, email: "hayden@koch.test", name: "khjiq759wy", created_at: nil, updated_at: nil>[0m
      [36m# ./spec/system/01_before_login_spec.rb:211:in `block (3 levels) in <main>'[0m
      [36m# ./spec/system/01_before_login_spec.rb:215:in `block (3 levels) in <main>'[0m

  42) [STEP1] ユーザログイン前のテスト ヘッダーのテスト: ログインしている場合 ヘッダーの表示を確認 Log outリンクが表示される: 左上から5番目のリンクが「Log out」である
      [31mFailure/Error: let(:user) { create(:user) }[0m
      [31m[0m
      [31mNoMethodError:[0m
      [31m  undefined method `introduction=' for #<User id: nil, email: "salina_gerhold@bergstrom.example", name: "zf10i1ijkp", created_at: nil, updated_at: nil>[0m
      [36m# ./spec/system/01_before_login_spec.rb:211:in `block (3 levels) in <main>'[0m
      [36m# ./spec/system/01_before_login_spec.rb:215:in `block (3 levels) in <main>'[0m

  43) [STEP1] ユーザログイン前のテスト ユーザログアウトのテスト ログアウト機能のテスト 正しくログアウトできている: ログアウト後のリダイレクト先においてAbout画面へのリンクが存在する
      [31mFailure/Error: let(:user) { create(:user) }[0m
      [31m[0m
      [31mNoMethodError:[0m
      [31m  undefined method `introduction=' for #<User id: nil, email: "mao@lakin.test", name: "gjc50sn78e", created_at: nil, updated_at: nil>[0m
      [36m# ./spec/system/01_before_login_spec.rb:245:in `block (3 levels) in <main>'[0m
      [36m# ./spec/system/01_before_login_spec.rb:249:in `block (3 levels) in <main>'[0m

  44) [STEP1] ユーザログイン前のテスト ユーザログアウトのテスト ログアウト機能のテスト ログアウト後のリダイレクト先が、トップになっている
      [31mFailure/Error: let(:user) { create(:user) }[0m
      [31m[0m
      [31mNoMethodError:[0m
      [31m  undefined method `introduction=' for #<User id: nil, email: "jerry.stehr@batz.test", name: "s7lrkjcsu2", created_at: nil, updated_at: nil>[0m
      [36m# ./spec/system/01_before_login_spec.rb:245:in `block (3 levels) in <main>'[0m
      [36m# ./spec/system/01_before_login_spec.rb:249:in `block (3 levels) in <main>'[0m

  45) [STEP2] ユーザログイン後のテスト ヘッダーのテスト: ログインしている場合 リンクの内容を確認: ※logoutは『ユーザログアウトのテスト』でテスト済みになります。 Homeを押すと、自分のユーザ詳細画面に遷移する
      [31mFailure/Error: let!(:user) { create(:user) }[0m
      [31m[0m
      [31mNoMethodError:[0m
      [31m  undefined method `introduction=' for #<User id: nil, email: "hershel_walker@harber.example", name: "trot51m099", created_at: nil, updated_at: nil>[0m
      [36m# ./spec/system/02_after_login_spec.rb:4:in `block (2 levels) in <main>'[0m

  46) [STEP2] ユーザログイン後のテスト ヘッダーのテスト: ログインしている場合 リンクの内容を確認: ※logoutは『ユーザログアウトのテスト』でテスト済みになります。 Usersを押すと、ユーザ一覧画面に遷移する
      [31mFailure/Error: let!(:user) { create(:user) }[0m
      [31m[0m
      [31mNoMethodError:[0m
      [31m  undefined method `introduction=' for #<User id: nil, email: "conrad@waelchi-swaniawski.test", name: "8k9twoid6j", created_at: nil, updated_at: nil>[0m
      [36m# ./spec/system/02_after_login_spec.rb:4:in `block (2 levels) in <main>'[0m

  47) [STEP2] ユーザログイン後のテスト ヘッダーのテスト: ログインしている場合 リンクの内容を確認: ※logoutは『ユーザログアウトのテスト』でテスト済みになります。 Booksを押すと、投稿一覧画面に遷移する
      [31mFailure/Error: let!(:user) { create(:user) }[0m
      [31m[0m
      [31mNoMethodError:[0m
      [31m  undefined method `introduction=' for #<User id: nil, email: "norris@buckridge.test", name: "1rnhc3qfln", created_at: nil, updated_at: nil>[0m
      [36m# ./spec/system/02_after_login_spec.rb:4:in `block (2 levels) in <main>'[0m

  48) [STEP2] ユーザログイン後のテスト 投稿一覧画面のテスト 表示内容の確認 URLが正しい
      [31mFailure/Error: let!(:user) { create(:user) }[0m
      [31m[0m
      [31mNoMethodError:[0m
      [31m  undefined method `introduction=' for #<User id: nil, email: "fernando@kling.example", name: "xzcj3pzxi4", created_at: nil, updated_at: nil>[0m
      [36m# ./spec/system/02_after_login_spec.rb:4:in `block (2 levels) in <main>'[0m

  49) [STEP2] ユーザログイン後のテスト 投稿一覧画面のテスト 表示内容の確認 自分と他人の画像のリンク先が正しい
      [31mFailure/Error: let!(:user) { create(:user) }[0m
      [31m[0m
      [31mNoMethodError:[0m
      [31m  undefined method `introduction=' for #<User id: nil, email: "lecia.schuster@prosacco.test", name: "bl6v8pkqls", created_at: nil, updated_at: nil>[0m
      [36m# ./spec/system/02_after_login_spec.rb:4:in `block (2 levels) in <main>'[0m

  50) [STEP2] ユーザログイン後のテスト 投稿一覧画面のテスト 表示内容の確認 自分の投稿と他人の投稿のタイトルのリンク先がそれぞれ正しい
      [31mFailure/Error: let!(:user) { create(:user) }[0m
      [31m[0m
      [31mNoMethodError:[0m
      [31m  undefined method `introduction=' for #<User id: nil, email: "roma.mitchell@hayes-nader.example", name: "tab0hjbkjd", created_at: nil, updated_at: nil>[0m
      [36m# ./spec/system/02_after_login_spec.rb:4:in `block (2 levels) in <main>'[0m

  51) [STEP2] ユーザログイン後のテスト 投稿一覧画面のテスト 表示内容の確認 自分の投稿と他人の投稿のオピニオンが表示される
      [31mFailure/Error: let!(:user) { create(:user) }[0m
      [31m[0m
      [31mNoMethodError:[0m
      [31m  undefined method `introduction=' for #<User id: nil, email: "johnson.beer@wyman.example", name: "4tj5j9u5lw", created_at: nil, updated_at: nil>[0m
      [36m# ./spec/system/02_after_login_spec.rb:4:in `block (2 levels) in <main>'[0m

  52) [STEP2] ユーザログイン後のテスト 投稿一覧画面のテスト サイドバーの確認 自分の名前と紹介文が表示される
      [31mFailure/Error: let!(:user) { create(:user) }[0m
      [31m[0m
      [31mNoMethodError:[0m
      [31m  undefined method `introduction=' for #<User id: nil, email: "leatha@fahey.example", name: "a0hv7m7f2m", created_at: nil, updated_at: nil>[0m
      [36m# ./spec/system/02_after_login_spec.rb:4:in `block (2 levels) in <main>'[0m

  53) [STEP2] ユーザログイン後のテスト 投稿一覧画面のテスト サイドバーの確認 自分のユーザ編集画面へのリンクが存在する
      [31mFailure/Error: let!(:user) { create(:user) }[0m
      [31m[0m
      [31mNoMethodError:[0m
      [31m  undefined method `introduction=' for #<User id: nil, email: "sunshine_okuneva@moen-walter.test", name: "c1g4b16hwu", created_at: nil, updated_at: nil>[0m
      [36m# ./spec/system/02_after_login_spec.rb:4:in `block (2 levels) in <main>'[0m

  54) [STEP2] ユーザログイン後のテスト 投稿一覧画面のテスト サイドバーの確認 「New book」と表示される
      [31mFailure/Error: let!(:user) { create(:user) }[0m
      [31m[0m
      [31mNoMethodError:[0m
      [31m  undefined method `introduction=' for #<User id: nil, email: "jody.schinner@fahey.test", name: "8e8dxhl90w", created_at: nil, updated_at: nil>[0m
      [36m# ./spec/system/02_after_login_spec.rb:4:in `block (2 levels) in <main>'[0m

  55) [STEP2] ユーザログイン後のテスト 投稿一覧画面のテスト サイドバーの確認 titleフォームが表示される
      [31mFailure/Error: let!(:user) { create(:user) }[0m
      [31m[0m
      [31mNoMethodError:[0m
      [31m  undefined method `introduction=' for #<User id: nil, email: "raeann@hermann.example", name: "cii6lphs4g", created_at: nil, updated_at: nil>[0m
      [36m# ./spec/system/02_after_login_spec.rb:4:in `block (2 levels) in <main>'[0m

  56) [STEP2] ユーザログイン後のテスト 投稿一覧画面のテスト サイドバーの確認 titleフォームに値が入っていない
      [31mFailure/Error: let!(:user) { create(:user) }[0m
      [31m[0m
      [31mNoMethodError:[0m
      [31m  undefined method `introduction=' for #<User id: nil, email: "burton@marvin.test", name: "0ta6muo1o1", created_at: nil, updated_at: nil>[0m
      [36m# ./spec/system/02_after_login_spec.rb:4:in `block (2 levels) in <main>'[0m

  57) [STEP2] ユーザログイン後のテスト 投稿一覧画面のテスト サイドバーの確認 bodyフォームが表示される
      [31mFailure/Error: let!(:user) { create(:user) }[0m
      [31m[0m
      [31mNoMethodError:[0m
      [31m  undefined method `introduction=' for #<User id: nil, email: "gilberto.hamill@quitzon-glover.test", name: "f26j1gjj6c", created_at: nil, updated_at: nil>[0m
      [36m# ./spec/system/02_after_login_spec.rb:4:in `block (2 levels) in <main>'[0m

  58) [STEP2] ユーザログイン後のテスト 投稿一覧画面のテスト サイドバーの確認 bodyフォームに値が入っていない
      [31mFailure/Error: let!(:user) { create(:user) }[0m
      [31m[0m
      [31mNoMethodError:[0m
      [31m  undefined method `introduction=' for #<User id: nil, email: "tyree@conn.example", name: "zm72plhgjy", created_at: nil, updated_at: nil>[0m
      [36m# ./spec/system/02_after_login_spec.rb:4:in `block (2 levels) in <main>'[0m

  59) [STEP2] ユーザログイン後のテスト 投稿一覧画面のテスト サイドバーの確認 Create Bookボタンが表示される
      [31mFailure/Error: let!(:user) { create(:user) }[0m
      [31m[0m
      [31mNoMethodError:[0m
      [31m  undefined method `introduction=' for #<User id: nil, email: "dorie.dibbert@tremblay-halvorson.example", name: "dokgqnmrnx", created_at: nil, updated_at: nil>[0m
      [36m# ./spec/system/02_after_login_spec.rb:4:in `block (2 levels) in <main>'[0m

  60) [STEP2] ユーザログイン後のテスト 投稿一覧画面のテスト 投稿成功のテスト 自分の新しい投稿が正しく保存される
      [31mFailure/Error: let!(:user) { create(:user) }[0m
      [31m[0m
      [31mNoMethodError:[0m
      [31m  undefined method `introduction=' for #<User id: nil, email: "vance@hand.example", name: "746au9jygx", created_at: nil, updated_at: nil>[0m
      [36m# ./spec/system/02_after_login_spec.rb:4:in `block (2 levels) in <main>'[0m

  61) [STEP2] ユーザログイン後のテスト 投稿一覧画面のテスト 投稿成功のテスト リダイレクト先が、保存できた投稿の詳細画面になっている
      [31mFailure/Error: let!(:user) { create(:user) }[0m
      [31m[0m
      [31mNoMethodError:[0m
      [31m  undefined method `introduction=' for #<User id: nil, email: "thomasine@cummings.example", name: "sfoy9b0pbf", created_at: nil, updated_at: nil>[0m
      [36m# ./spec/system/02_after_login_spec.rb:4:in `block (2 levels) in <main>'[0m

  62) [STEP2] ユーザログイン後のテスト 自分の投稿詳細画面のテスト 表示内容の確認 URLが正しい
      [31mFailure/Error: let!(:user) { create(:user) }[0m
      [31m[0m
      [31mNoMethodError:[0m
      [31m  undefined method `introduction=' for #<User id: nil, email: "shane@rolfson-schumm.test", name: "x6001h4vbn", created_at: nil, updated_at: nil>[0m
      [36m# ./spec/system/02_after_login_spec.rb:4:in `block (2 levels) in <main>'[0m

  63) [STEP2] ユーザログイン後のテスト 自分の投稿詳細画面のテスト 表示内容の確認 「Book detail」と表示される
      [31mFailure/Error: let!(:user) { create(:user) }[0m
      [31m[0m
      [31mNoMethodError:[0m
      [31m  undefined method `introduction=' for #<User id: nil, email: "hoa.oreilly@ledner.test", name: "083n43fi3q", created_at: nil, updated_at: nil>[0m
      [36m# ./spec/system/02_after_login_spec.rb:4:in `block (2 levels) in <main>'[0m

  64) [STEP2] ユーザログイン後のテスト 自分の投稿詳細画面のテスト 表示内容の確認 ユーザ画像・名前のリンク先が正しい
      [31mFailure/Error: let!(:user) { create(:user) }[0m
      [31m[0m
      [31mNoMethodError:[0m
      [31m  undefined method `introduction=' for #<User id: nil, email: "jolie_ruecker@heidenreich.test", name: "h9vwt70l7b", created_at: nil, updated_at: nil>[0m
      [36m# ./spec/system/02_after_login_spec.rb:4:in `block (2 levels) in <main>'[0m

  65) [STEP2] ユーザログイン後のテスト 自分の投稿詳細画面のテスト 表示内容の確認 投稿のtitleが表示される
      [31mFailure/Error: let!(:user) { create(:user) }[0m
      [31m[0m
      [31mNoMethodError:[0m
      [31m  undefined method `introduction=' for #<User id: nil, email: "brooks_wisozk@upton-schaefer.example", name: "ew0ntpgk93", created_at: nil, updated_at: nil>[0m
      [36m# ./spec/system/02_after_login_spec.rb:4:in `block (2 levels) in <main>'[0m

  66) [STEP2] ユーザログイン後のテスト 自分の投稿詳細画面のテスト 表示内容の確認 投稿のbodyが表示される
      [31mFailure/Error: let!(:user) { create(:user) }[0m
      [31m[0m
      [31mNoMethodError:[0m
      [31m  undefined method `introduction=' for #<User id: nil, email: "alejandro@hermiston.test", name: "6jkcjn30id", created_at: nil, updated_at: nil>[0m
      [36m# ./spec/system/02_after_login_spec.rb:4:in `block (2 levels) in <main>'[0m

  67) [STEP2] ユーザログイン後のテスト 自分の投稿詳細画面のテスト 表示内容の確認 投稿の編集リンクが表示される
      [31mFailure/Error: let!(:user) { create(:user) }[0m
      [31m[0m
      [31mNoMethodError:[0m
      [31m  undefined method `introduction=' for #<User id: nil, email: "nakesha@powlowski.test", name: "fva150f2m1", created_at: nil, updated_at: nil>[0m
      [36m# ./spec/system/02_after_login_spec.rb:4:in `block (2 levels) in <main>'[0m

  68) [STEP2] ユーザログイン後のテスト 自分の投稿詳細画面のテスト 表示内容の確認 投稿の削除リンクが表示される
      [31mFailure/Error: let!(:user) { create(:user) }[0m
      [31m[0m
      [31mNoMethodError:[0m
      [31m  undefined method `introduction=' for #<User id: nil, email: "nigel_hoeger@nicolas.example", name: "nzzo2wtv7g", created_at: nil, updated_at: nil>[0m
      [36m# ./spec/system/02_after_login_spec.rb:4:in `block (2 levels) in <main>'[0m

  69) [STEP2] ユーザログイン後のテスト 自分の投稿詳細画面のテスト サイドバーの確認 自分の名前と紹介文が表示される
      [31mFailure/Error: let!(:user) { create(:user) }[0m
      [31m[0m
      [31mNoMethodError:[0m
      [31m  undefined method `introduction=' for #<User id: nil, email: "belkis@raynor.example", name: "4yj905xhqp", created_at: nil, updated_at: nil>[0m
      [36m# ./spec/system/02_after_login_spec.rb:4:in `block (2 levels) in <main>'[0m

  70) [STEP2] ユーザログイン後のテスト 自分の投稿詳細画面のテスト サイドバーの確認 自分のユーザ編集画面へのリンクが存在する
      [31mFailure/Error: let!(:user) { create(:user) }[0m
      [31m[0m
      [31mNoMethodError:[0m
      [31m  undefined method `introduction=' for #<User id: nil, email: "glen@wisoky.example", name: "rubk82i2ye", created_at: nil, updated_at: nil>[0m
      [36m# ./spec/system/02_after_login_spec.rb:4:in `block (2 levels) in <main>'[0m

  71) [STEP2] ユーザログイン後のテスト 自分の投稿詳細画面のテスト サイドバーの確認 「New book」と表示される
      [31mFailure/Error: let!(:user) { create(:user) }[0m
      [31m[0m
      [31mNoMethodError:[0m
      [31m  undefined method `introduction=' for #<User id: nil, email: "wilhelmina_carroll@hoeger-smith.test", name: "ikn31o47t5", created_at: nil, updated_at: nil>[0m
      [36m# ./spec/system/02_after_login_spec.rb:4:in `block (2 levels) in <main>'[0m

  72) [STEP2] ユーザログイン後のテスト 自分の投稿詳細画面のテスト サイドバーの確認 titleフォームが表示される
      [31mFailure/Error: let!(:user) { create(:user) }[0m
      [31m[0m
      [31mNoMethodError:[0m
      [31m  undefined method `introduction=' for #<User id: nil, email: "elton_legros@rohan.test", name: "mwo5zqjyok", created_at: nil, updated_at: nil>[0m
      [36m# ./spec/system/02_after_login_spec.rb:4:in `block (2 levels) in <main>'[0m

  73) [STEP2] ユーザログイン後のテスト 自分の投稿詳細画面のテスト サイドバーの確認 titleフォームに値が入っていない
      [31mFailure/Error: let!(:user) { create(:user) }[0m
      [31m[0m
      [31mNoMethodError:[0m
      [31m  undefined method `introduction=' for #<User id: nil, email: "brynn_larson@lehner.example", name: "ze5iu1wu6u", created_at: nil, updated_at: nil>[0m
      [36m# ./spec/system/02_after_login_spec.rb:4:in `block (2 levels) in <main>'[0m

  74) [STEP2] ユーザログイン後のテスト 自分の投稿詳細画面のテスト サイドバーの確認 bodyフォームが表示される
      [31mFailure/Error: let!(:user) { create(:user) }[0m
      [31m[0m
      [31mNoMethodError:[0m
      [31m  undefined method `introduction=' for #<User id: nil, email: "adalberto.dooley@spencer.test", name: "avnyst9ojp", created_at: nil, updated_at: nil>[0m
      [36m# ./spec/system/02_after_login_spec.rb:4:in `block (2 levels) in <main>'[0m

  75) [STEP2] ユーザログイン後のテスト 自分の投稿詳細画面のテスト サイドバーの確認 bodyフォームに値が入っていない
      [31mFailure/Error: let!(:user) { create(:user) }[0m
      [31m[0m
      [31mNoMethodError:[0m
      [31m  undefined method `introduction=' for #<User id: nil, email: "iola@crooks.test", name: "eswkj91lgp", created_at: nil, updated_at: nil>[0m
      [36m# ./spec/system/02_after_login_spec.rb:4:in `block (2 levels) in <main>'[0m

  76) [STEP2] ユーザログイン後のテスト 自分の投稿詳細画面のテスト サイドバーの確認 Create Bookボタンが表示される
      [31mFailure/Error: let!(:user) { create(:user) }[0m
      [31m[0m
      [31mNoMethodError:[0m
      [31m  undefined method `introduction=' for #<User id: nil, email: "rigoberto.hamill@kozey.test", name: "vw2qidewmq", created_at: nil, updated_at: nil>[0m
      [36m# ./spec/system/02_after_login_spec.rb:4:in `block (2 levels) in <main>'[0m

  77) [STEP2] ユーザログイン後のテスト 自分の投稿詳細画面のテスト 投稿成功のテスト 自分の新しい投稿が正しく保存される
      [31mFailure/Error: let!(:user) { create(:user) }[0m
      [31m[0m
      [31mNoMethodError:[0m
      [31m  undefined method `introduction=' for #<User id: nil, email: "bess@nolan-zulauf.example", name: "814c34zbwj", created_at: nil, updated_at: nil>[0m
      [36m# ./spec/system/02_after_login_spec.rb:4:in `block (2 levels) in <main>'[0m

  78) [STEP2] ユーザログイン後のテスト 自分の投稿詳細画面のテスト 編集リンクのテスト 編集画面に遷移する
      [31mFailure/Error: let!(:user) { create(:user) }[0m
      [31m[0m
      [31mNoMethodError:[0m
      [31m  undefined method `introduction=' for #<User id: nil, email: "shon@morar.example", name: "s1jvesrvsp", created_at: nil, updated_at: nil>[0m
      [36m# ./spec/system/02_after_login_spec.rb:4:in `block (2 levels) in <main>'[0m

  79) [STEP2] ユーザログイン後のテスト 自分の投稿詳細画面のテスト 削除リンクのテスト application.html.erbにjavascript_pack_tagを含んでいる
      [31mFailure/Error: let!(:user) { create(:user) }[0m
      [31m[0m
      [31mNoMethodError:[0m
      [31m  undefined method `introduction=' for #<User id: nil, email: "nga_graham@hermiston.example", name: "4duyj84nxu", created_at: nil, updated_at: nil>[0m
      [36m# ./spec/system/02_after_login_spec.rb:4:in `block (2 levels) in <main>'[0m

  80) [STEP2] ユーザログイン後のテスト 自分の投稿詳細画面のテスト 削除リンクのテスト 正しく削除される
      [31mFailure/Error: let!(:user) { create(:user) }[0m
      [31m[0m
      [31mNoMethodError:[0m
      [31m  undefined method `introduction=' for #<User id: nil, email: "antonia_kutch@sporer.test", name: "583hglsd3g", created_at: nil, updated_at: nil>[0m
      [36m# ./spec/system/02_after_login_spec.rb:4:in `block (2 levels) in <main>'[0m

  81) [STEP2] ユーザログイン後のテスト 自分の投稿詳細画面のテスト 削除リンクのテスト リダイレクト先が、投稿一覧画面になっている
      [31mFailure/Error: let!(:user) { create(:user) }[0m
      [31m[0m
      [31mNoMethodError:[0m
      [31m  undefined method `introduction=' for #<User id: nil, email: "marcelo.labadie@bayer.test", name: "moj7zsj2xf", created_at: nil, updated_at: nil>[0m
      [36m# ./spec/system/02_after_login_spec.rb:4:in `block (2 levels) in <main>'[0m

  82) [STEP2] ユーザログイン後のテスト 自分の投稿編集画面のテスト 表示の確認 URLが正しい
      [31mFailure/Error: let!(:user) { create(:user) }[0m
      [31m[0m
      [31mNoMethodError:[0m
      [31m  undefined method `introduction=' for #<User id: nil, email: "felipe@daugherty.test", name: "qdqftl6z75", created_at: nil, updated_at: nil>[0m
      [36m# ./spec/system/02_after_login_spec.rb:4:in `block (2 levels) in <main>'[0m

  83) [STEP2] ユーザログイン後のテスト 自分の投稿編集画面のテスト 表示の確認 「Editing Book」と表示される
      [31mFailure/Error: let!(:user) { create(:user) }[0m
      [31m[0m
      [31mNoMethodError:[0m
      [31m  undefined method `introduction=' for #<User id: nil, email: "marcia@schiller.example", name: "1tbbbxbpue", created_at: nil, updated_at: nil>[0m
      [36m# ./spec/system/02_after_login_spec.rb:4:in `block (2 levels) in <main>'[0m

  84) [STEP2] ユーザログイン後のテスト 自分の投稿編集画面のテスト 表示の確認 title編集フォームが表示される
      [31mFailure/Error: let!(:user) { create(:user) }[0m
      [31m[0m
      [31mNoMethodError:[0m
      [31m  undefined method `introduction=' for #<User id: nil, email: "yuk.anderson@abshire.example", name: "t7f4wmsfiy", created_at: nil, updated_at: nil>[0m
      [36m# ./spec/system/02_after_login_spec.rb:4:in `block (2 levels) in <main>'[0m

  85) [STEP2] ユーザログイン後のテスト 自分の投稿編集画面のテスト 表示の確認 body編集フォームが表示される
      [31mFailure/Error: let!(:user) { create(:user) }[0m
      [31m[0m
      [31mNoMethodError:[0m
      [31m  undefined method `introduction=' for #<User id: nil, email: "hugh_rempel@graham.test", name: "pthj5i2cu8", created_at: nil, updated_at: nil>[0m
      [36m# ./spec/system/02_after_login_spec.rb:4:in `block (2 levels) in <main>'[0m

  86) [STEP2] ユーザログイン後のテスト 自分の投稿編集画面のテスト 表示の確認 Update Bookボタンが表示される
      [31mFailure/Error: let!(:user) { create(:user) }[0m
      [31m[0m
      [31mNoMethodError:[0m
      [31m  undefined method `introduction=' for #<User id: nil, email: "betsey@lynch-treutel.example", name: "102x7naodx", created_at: nil, updated_at: nil>[0m
      [36m# ./spec/system/02_after_login_spec.rb:4:in `block (2 levels) in <main>'[0m

  87) [STEP2] ユーザログイン後のテスト 自分の投稿編集画面のテスト 表示の確認 Showリンクが表示される
      [31mFailure/Error: let!(:user) { create(:user) }[0m
      [31m[0m
      [31mNoMethodError:[0m
      [31m  undefined method `introduction=' for #<User id: nil, email: "madison@berge-mueller.test", name: "nos0ypimhi", created_at: nil, updated_at: nil>[0m
      [36m# ./spec/system/02_after_login_spec.rb:4:in `block (2 levels) in <main>'[0m

  88) [STEP2] ユーザログイン後のテスト 自分の投稿編集画面のテスト 表示の確認 Backリンクが表示される
      [31mFailure/Error: let!(:user) { create(:user) }[0m
      [31m[0m
      [31mNoMethodError:[0m
      [31m  undefined method `introduction=' for #<User id: nil, email: "dong@koelpin.example", name: "re6h4wgxdl", created_at: nil, updated_at: nil>[0m
      [36m# ./spec/system/02_after_login_spec.rb:4:in `block (2 levels) in <main>'[0m

  89) [STEP2] ユーザログイン後のテスト 自分の投稿編集画面のテスト 編集成功のテスト titleが正しく更新される
      [31mFailure/Error: let!(:user) { create(:user) }[0m
      [31m[0m
      [31mNoMethodError:[0m
      [31m  undefined method `introduction=' for #<User id: nil, email: "geoffrey@weber-harvey.test", name: "4fhzp5swm8", created_at: nil, updated_at: nil>[0m
      [36m# ./spec/system/02_after_login_spec.rb:4:in `block (2 levels) in <main>'[0m

  90) [STEP2] ユーザログイン後のテスト 自分の投稿編集画面のテスト 編集成功のテスト bodyが正しく更新される
      [31mFailure/Error: let!(:user) { create(:user) }[0m
      [31m[0m
      [31mNoMethodError:[0m
      [31m  undefined method `introduction=' for #<User id: nil, email: "jared@boyer.test", name: "8u5q7ohn8s", created_at: nil, updated_at: nil>[0m
      [36m# ./spec/system/02_after_login_spec.rb:4:in `block (2 levels) in <main>'[0m

  91) [STEP2] ユーザログイン後のテスト 自分の投稿編集画面のテスト 編集成功のテスト リダイレクト先が、更新した投稿の詳細画面になっている
      [31mFailure/Error: let!(:user) { create(:user) }[0m
      [31m[0m
      [31mNoMethodError:[0m
      [31m  undefined method `introduction=' for #<User id: nil, email: "marcelo_beer@lind.example", name: "c9k4rzzmth", created_at: nil, updated_at: nil>[0m
      [36m# ./spec/system/02_after_login_spec.rb:4:in `block (2 levels) in <main>'[0m

  92) [STEP2] ユーザログイン後のテスト ユーザ一覧画面のテスト 表示内容の確認 URLが正しい
      [31mFailure/Error: let!(:user) { create(:user) }[0m
      [31m[0m
      [31mNoMethodError:[0m
      [31m  undefined method `introduction=' for #<User id: nil, email: "twanna@marks-kilback.example", name: "x9r4f5brbf", created_at: nil, updated_at: nil>[0m
      [36m# ./spec/system/02_after_login_spec.rb:4:in `block (2 levels) in <main>'[0m

  93) [STEP2] ユーザログイン後のテスト ユーザ一覧画面のテスト 表示内容の確認 自分と他人の画像が表示される: fallbackの画像がサイドバーの1つ＋一覧(2人)の2つの計3つ存在する
      [31mFailure/Error: let!(:user) { create(:user) }[0m
      [31m[0m
      [31mNoMethodError:[0m
      [31m  undefined method `introduction=' for #<User id: nil, email: "richie@lakin-anderson.example", name: "quo1q50f8c", created_at: nil, updated_at: nil>[0m
      [36m# ./spec/system/02_after_login_spec.rb:4:in `block (2 levels) in <main>'[0m

  94) [STEP2] ユーザログイン後のテスト ユーザ一覧画面のテスト 表示内容の確認 自分と他人の名前がそれぞれ表示される
      [31mFailure/Error: let!(:user) { create(:user) }[0m
      [31m[0m
      [31mNoMethodError:[0m
      [31m  undefined method `introduction=' for #<User id: nil, email: "onita.von@schultz.example", name: "tzmygy6mx6", created_at: nil, updated_at: nil>[0m
      [36m# ./spec/system/02_after_login_spec.rb:4:in `block (2 levels) in <main>'[0m

  95) [STEP2] ユーザログイン後のテスト ユーザ一覧画面のテスト 表示内容の確認 自分と他人のshowリンクがそれぞれ表示される
      [31mFailure/Error: let!(:user) { create(:user) }[0m
      [31m[0m
      [31mNoMethodError:[0m
      [31m  undefined method `introduction=' for #<User id: nil, email: "beckie@dickens-durgan.test", name: "l3yxpoy5os", created_at: nil, updated_at: nil>[0m
      [36m# ./spec/system/02_after_login_spec.rb:4:in `block (2 levels) in <main>'[0m

  96) [STEP2] ユーザログイン後のテスト ユーザ一覧画面のテスト サイドバーの確認 自分の名前と紹介文が表示される
      [31mFailure/Error: let!(:user) { create(:user) }[0m
      [31m[0m
      [31mNoMethodError:[0m
      [31m  undefined method `introduction=' for #<User id: nil, email: "kurtis_schimmel@weimann-cronin.example", name: "59xyajusv6", created_at: nil, updated_at: nil>[0m
      [36m# ./spec/system/02_after_login_spec.rb:4:in `block (2 levels) in <main>'[0m

  97) [STEP2] ユーザログイン後のテスト ユーザ一覧画面のテスト サイドバーの確認 自分のユーザ編集画面へのリンクが存在する
      [31mFailure/Error: let!(:user) { create(:user) }[0m
      [31m[0m
      [31mNoMethodError:[0m
      [31m  undefined method `introduction=' for #<User id: nil, email: "everette.yundt@okeefe.test", name: "ism5ca14yf", created_at: nil, updated_at: nil>[0m
      [36m# ./spec/system/02_after_login_spec.rb:4:in `block (2 levels) in <main>'[0m

  98) [STEP2] ユーザログイン後のテスト ユーザ一覧画面のテスト サイドバーの確認 「New book」と表示される
      [31mFailure/Error: let!(:user) { create(:user) }[0m
      [31m[0m
      [31mNoMethodError:[0m
      [31m  undefined method `introduction=' for #<User id: nil, email: "eddy@ryan-hettinger.test", name: "stpc1cog2u", created_at: nil, updated_at: nil>[0m
      [36m# ./spec/system/02_after_login_spec.rb:4:in `block (2 levels) in <main>'[0m

  99) [STEP2] ユーザログイン後のテスト ユーザ一覧画面のテスト サイドバーの確認 titleフォームが表示される
      [31mFailure/Error: let!(:user) { create(:user) }[0m
      [31m[0m
      [31mNoMethodError:[0m
      [31m  undefined method `introduction=' for #<User id: nil, email: "arcelia@waters.test", name: "u7i31u9dnp", created_at: nil, updated_at: nil>[0m
      [36m# ./spec/system/02_after_login_spec.rb:4:in `block (2 levels) in <main>'[0m

  100) [STEP2] ユーザログイン後のテスト ユーザ一覧画面のテスト サイドバーの確認 titleフォームに値が入っていない
       [31mFailure/Error: let!(:user) { create(:user) }[0m
       [31m[0m
       [31mNoMethodError:[0m
       [31m  undefined method `introduction=' for #<User id: nil, email: "otha@murray.example", name: "4egbjsjtzb", created_at: nil, updated_at: nil>[0m
       [36m# ./spec/system/02_after_login_spec.rb:4:in `block (2 levels) in <main>'[0m

  101) [STEP2] ユーザログイン後のテスト ユーザ一覧画面のテスト サイドバーの確認 bodyフォームが表示される
       [31mFailure/Error: let!(:user) { create(:user) }[0m
       [31m[0m
       [31mNoMethodError:[0m
       [31m  undefined method `introduction=' for #<User id: nil, email: "dave.rau@gutkowski.test", name: "3cykobklxa", created_at: nil, updated_at: nil>[0m
       [36m# ./spec/system/02_after_login_spec.rb:4:in `block (2 levels) in <main>'[0m

  102) [STEP2] ユーザログイン後のテスト ユーザ一覧画面のテスト サイドバーの確認 bodyフォームに値が入っていない
       [31mFailure/Error: let!(:user) { create(:user) }[0m
       [31m[0m
       [31mNoMethodError:[0m
       [31m  undefined method `introduction=' for #<User id: nil, email: "jonah@kessler.example", name: "e491qm2nx2", created_at: nil, updated_at: nil>[0m
       [36m# ./spec/system/02_after_login_spec.rb:4:in `block (2 levels) in <main>'[0m

  103) [STEP2] ユーザログイン後のテスト ユーザ一覧画面のテスト サイドバーの確認 Create Bookボタンが表示される
       [31mFailure/Error: let!(:user) { create(:user) }[0m
       [31m[0m
       [31mNoMethodError:[0m
       [31m  undefined method `introduction=' for #<User id: nil, email: "kirstie.damore@jacobson.test", name: "hkz4xmkhzh", created_at: nil, updated_at: nil>[0m
       [36m# ./spec/system/02_after_login_spec.rb:4:in `block (2 levels) in <main>'[0m

  104) [STEP2] ユーザログイン後のテスト 自分のユーザ詳細画面のテスト 表示の確認 URLが正しい
       [31mFailure/Error: let!(:user) { create(:user) }[0m
       [31m[0m
       [31mNoMethodError:[0m
       [31m  undefined method `introduction=' for #<User id: nil, email: "alfonso@volkman.test", name: "cmu0lk7cfp", created_at: nil, updated_at: nil>[0m
       [36m# ./spec/system/02_after_login_spec.rb:4:in `block (2 levels) in <main>'[0m

  105) [STEP2] ユーザログイン後のテスト 自分のユーザ詳細画面のテスト 表示の確認 投稿一覧のユーザ画像のリンク先が正しい
       [31mFailure/Error: let!(:user) { create(:user) }[0m
       [31m[0m
       [31mNoMethodError:[0m
       [31m  undefined method `introduction=' for #<User id: nil, email: "stephen.pfannerstill@emard-oconnell.example", name: "qkx1wiaiy7", created_at: nil, updated_at: nil>[0m
       [36m# ./spec/system/02_after_login_spec.rb:4:in `block (2 levels) in <main>'[0m

  106) [STEP2] ユーザログイン後のテスト 自分のユーザ詳細画面のテスト 表示の確認 投稿一覧に自分の投稿のtitleが表示され、リンクが正しい
       [31mFailure/Error: let!(:user) { create(:user) }[0m
       [31m[0m
       [31mNoMethodError:[0m
       [31m  undefined method `introduction=' for #<User id: nil, email: "jacquelyn@miller-stroman.test", name: "q3fyagfz9n", created_at: nil, updated_at: nil>[0m
       [36m# ./spec/system/02_after_login_spec.rb:4:in `block (2 levels) in <main>'[0m

  107) [STEP2] ユーザログイン後のテスト 自分のユーザ詳細画面のテスト 表示の確認 投稿一覧に自分の投稿のbodyが表示される
       [31mFailure/Error: let!(:user) { create(:user) }[0m
       [31m[0m
       [31mNoMethodError:[0m
       [31m  undefined method `introduction=' for #<User id: nil, email: "zelma_pouros@gleason.test", name: "ilvg9m5k17", created_at: nil, updated_at: nil>[0m
       [36m# ./spec/system/02_after_login_spec.rb:4:in `block (2 levels) in <main>'[0m

  108) [STEP2] ユーザログイン後のテスト 自分のユーザ詳細画面のテスト 表示の確認 他人の投稿は表示されない
       [31mFailure/Error: let!(:user) { create(:user) }[0m
       [31m[0m
       [31mNoMethodError:[0m
       [31m  undefined method `introduction=' for #<User id: nil, email: "marion@buckridge-dickinson.example", name: "dg5d6gxhzd", created_at: nil, updated_at: nil>[0m
       [36m# ./spec/system/02_after_login_spec.rb:4:in `block (2 levels) in <main>'[0m

  109) [STEP2] ユーザログイン後のテスト 自分のユーザ詳細画面のテスト サイドバーの確認 自分の名前と紹介文が表示される
       [31mFailure/Error: let!(:user) { create(:user) }[0m
       [31m[0m
       [31mNoMethodError:[0m
       [31m  undefined method `introduction=' for #<User id: nil, email: "heidy_mcclure@lowe-kemmer.example", name: "g9zhe5y6gr", created_at: nil, updated_at: nil>[0m
       [36m# ./spec/system/02_after_login_spec.rb:4:in `block (2 levels) in <main>'[0m

  110) [STEP2] ユーザログイン後のテスト 自分のユーザ詳細画面のテスト サイドバーの確認 自分のユーザ編集画面へのリンクが存在する
       [31mFailure/Error: let!(:user) { create(:user) }[0m
       [31m[0m
       [31mNoMethodError:[0m
       [31m  undefined method `introduction=' for #<User id: nil, email: "antoine@boehm.example", name: "300w6r5nqr", created_at: nil, updated_at: nil>[0m
       [36m# ./spec/system/02_after_login_spec.rb:4:in `block (2 levels) in <main>'[0m

  111) [STEP2] ユーザログイン後のテスト 自分のユーザ詳細画面のテスト サイドバーの確認 「New book」と表示される
       [31mFailure/Error: let!(:user) { create(:user) }[0m
       [31m[0m
       [31mNoMethodError:[0m
       [31m  undefined method `introduction=' for #<User id: nil, email: "rhett@crooks.test", name: "b36qoq3c7c", created_at: nil, updated_at: nil>[0m
       [36m# ./spec/system/02_after_login_spec.rb:4:in `block (2 levels) in <main>'[0m

  112) [STEP2] ユーザログイン後のテスト 自分のユーザ詳細画面のテスト サイドバーの確認 titleフォームが表示される
       [31mFailure/Error: let!(:user) { create(:user) }[0m
       [31m[0m
       [31mNoMethodError:[0m
       [31m  undefined method `introduction=' for #<User id: nil, email: "eve.willms@gorczany-weissnat.test", name: "0z4u0t1mob", created_at: nil, updated_at: nil>[0m
       [36m# ./spec/system/02_after_login_spec.rb:4:in `block (2 levels) in <main>'[0m

  113) [STEP2] ユーザログイン後のテスト 自分のユーザ詳細画面のテスト サイドバーの確認 titleフォームに値が入っていない
       [31mFailure/Error: let!(:user) { create(:user) }[0m
       [31m[0m
       [31mNoMethodError:[0m
       [31m  undefined method `introduction=' for #<User id: nil, email: "stephany_huels@murray-hettinger.example", name: "4uxd8dya9q", created_at: nil, updated_at: nil>[0m
       [36m# ./spec/system/02_after_login_spec.rb:4:in `block (2 levels) in <main>'[0m

  114) [STEP2] ユーザログイン後のテスト 自分のユーザ詳細画面のテスト サイドバーの確認 bodyフォームが表示される
       [31mFailure/Error: let!(:user) { create(:user) }[0m
       [31m[0m
       [31mNoMethodError:[0m
       [31m  undefined method `introduction=' for #<User id: nil, email: "stanford.harber@goyette.test", name: "8cs05nwps6", created_at: nil, updated_at: nil>[0m
       [36m# ./spec/system/02_after_login_spec.rb:4:in `block (2 levels) in <main>'[0m

  115) [STEP2] ユーザログイン後のテスト 自分のユーザ詳細画面のテスト サイドバーの確認 bodyフォームに値が入っていない
       [31mFailure/Error: let!(:user) { create(:user) }[0m
       [31m[0m
       [31mNoMethodError:[0m
       [31m  undefined method `introduction=' for #<User id: nil, email: "dewayne_auer@huels.example", name: "n6ewqidfft", created_at: nil, updated_at: nil>[0m
       [36m# ./spec/system/02_after_login_spec.rb:4:in `block (2 levels) in <main>'[0m

  116) [STEP2] ユーザログイン後のテスト 自分のユーザ詳細画面のテスト サイドバーの確認 Create Bookボタンが表示される
       [31mFailure/Error: let!(:user) { create(:user) }[0m
       [31m[0m
       [31mNoMethodError:[0m
       [31m  undefined method `introduction=' for #<User id: nil, email: "celina_bode@ferry.test", name: "nalztycseu", created_at: nil, updated_at: nil>[0m
       [36m# ./spec/system/02_after_login_spec.rb:4:in `block (2 levels) in <main>'[0m

  117) [STEP2] ユーザログイン後のテスト 自分のユーザ情報編集画面のテスト 表示の確認 URLが正しい
       [31mFailure/Error: let!(:user) { create(:user) }[0m
       [31m[0m
       [31mNoMethodError:[0m
       [31m  undefined method `introduction=' for #<User id: nil, email: "jeffrey@homenick-oreilly.test", name: "125to305ha", created_at: nil, updated_at: nil>[0m
       [36m# ./spec/system/02_after_login_spec.rb:4:in `block (2 levels) in <main>'[0m

  118) [STEP2] ユーザログイン後のテスト 自分のユーザ情報編集画面のテスト 表示の確認 名前編集フォームに自分の名前が表示される
       [31mFailure/Error: let!(:user) { create(:user) }[0m
       [31m[0m
       [31mNoMethodError:[0m
       [31m  undefined method `introduction=' for #<User id: nil, email: "cinthia@homenick.test", name: "9hffvbsceh", created_at: nil, updated_at: nil>[0m
       [36m# ./spec/system/02_after_login_spec.rb:4:in `block (2 levels) in <main>'[0m

  119) [STEP2] ユーザログイン後のテスト 自分のユーザ情報編集画面のテスト 表示の確認 画像編集フォームが表示される
       [31mFailure/Error: let!(:user) { create(:user) }[0m
       [31m[0m
       [31mNoMethodError:[0m
       [31m  undefined method `introduction=' for #<User id: nil, email: "raphael@abbott.example", name: "2zb7m5oh4g", created_at: nil, updated_at: nil>[0m
       [36m# ./spec/system/02_after_login_spec.rb:4:in `block (2 levels) in <main>'[0m

  120) [STEP2] ユーザログイン後のテスト 自分のユーザ情報編集画面のテスト 表示の確認 自己紹介編集フォームに自分の自己紹介文が表示される
       [31mFailure/Error: let!(:user) { create(:user) }[0m
       [31m[0m
       [31mNoMethodError:[0m
       [31m  undefined method `introduction=' for #<User id: nil, email: "marcell_schiller@smith.test", name: "oqb5jbg34v", created_at: nil, updated_at: nil>[0m
       [36m# ./spec/system/02_after_login_spec.rb:4:in `block (2 levels) in <main>'[0m

  121) [STEP2] ユーザログイン後のテスト 自分のユーザ情報編集画面のテスト 表示の確認 Update Userボタンが表示される
       [31mFailure/Error: let!(:user) { create(:user) }[0m
       [31m[0m
       [31mNoMethodError:[0m
       [31m  undefined method `introduction=' for #<User id: nil, email: "sal_hudson@collins.example", name: "x8x5udaaco", created_at: nil, updated_at: nil>[0m
       [36m# ./spec/system/02_after_login_spec.rb:4:in `block (2 levels) in <main>'[0m

  122) [STEP2] ユーザログイン後のテスト 自分のユーザ情報編集画面のテスト 更新成功のテスト nameが正しく更新される
       [31mFailure/Error: let!(:user) { create(:user) }[0m
       [31m[0m
       [31mNoMethodError:[0m
       [31m  undefined method `introduction=' for #<User id: nil, email: "donita.pagac@hettinger-jenkins.example", name: "6q4p1grat8", created_at: nil, updated_at: nil>[0m
       [36m# ./spec/system/02_after_login_spec.rb:4:in `block (2 levels) in <main>'[0m

  123) [STEP2] ユーザログイン後のテスト 自分のユーザ情報編集画面のテスト 更新成功のテスト introductionが正しく更新される
       [31mFailure/Error: let!(:user) { create(:user) }[0m
       [31m[0m
       [31mNoMethodError:[0m
       [31m  undefined method `introduction=' for #<User id: nil, email: "drew.heidenreich@gislason-keebler.example", name: "gdt8wsf4p8", created_at: nil, updated_at: nil>[0m
       [36m# ./spec/system/02_after_login_spec.rb:4:in `block (2 levels) in <main>'[0m

  124) [STEP2] ユーザログイン後のテスト 自分のユーザ情報編集画面のテスト 更新成功のテスト リダイレクト先が、自分のユーザ詳細画面になっている
       [31mFailure/Error: let!(:user) { create(:user) }[0m
       [31m[0m
       [31mNoMethodError:[0m
       [31m  undefined method `introduction=' for #<User id: nil, email: "dori.haag@kessler.test", name: "0ojo9vo6oy", created_at: nil, updated_at: nil>[0m
       [36m# ./spec/system/02_after_login_spec.rb:4:in `block (2 levels) in <main>'[0m

  125) [STEP3] 仕上げのテスト サクセスメッセージのテスト ユーザ新規登録成功時
       [31mFailure/Error: let!(:user) { create(:user) }[0m
       [31m[0m
       [31mNoMethodError:[0m
       [31m  undefined method `introduction=' for #<User id: nil, email: "cyndi_dickinson@harber-cartwright.test", name: "hvvcq1v7q9", created_at: nil, updated_at: nil>[0m
       [36m# ./spec/system/03_finishing_touches_spec.rb:4:in `block (2 levels) in <main>'[0m

  126) [STEP3] 仕上げのテスト サクセスメッセージのテスト ユーザログイン成功時
       [31mFailure/Error: let!(:user) { create(:user) }[0m
       [31m[0m
       [31mNoMethodError:[0m
       [31m  undefined method `introduction=' for #<User id: nil, email: "jule_turcotte@kutch.test", name: "6w1rsriflb", created_at: nil, updated_at: nil>[0m
       [36m# ./spec/system/03_finishing_touches_spec.rb:4:in `block (2 levels) in <main>'[0m

  127) [STEP3] 仕上げのテスト サクセスメッセージのテスト ユーザログアウト成功時
       [31mFailure/Error: let!(:user) { create(:user) }[0m
       [31m[0m
       [31mNoMethodError:[0m
       [31m  undefined method `introduction=' for #<User id: nil, email: "joaquin.hessel@greenholt.example", name: "xcn0upv4on", created_at: nil, updated_at: nil>[0m
       [36m# ./spec/system/03_finishing_touches_spec.rb:4:in `block (2 levels) in <main>'[0m

  128) [STEP3] 仕上げのテスト サクセスメッセージのテスト ユーザのプロフィール情報更新成功時
       [31mFailure/Error: let!(:user) { create(:user) }[0m
       [31m[0m
       [31mNoMethodError:[0m
       [31m  undefined method `introduction=' for #<User id: nil, email: "jermaine@pagac-schneider.test", name: "w1zounbubr", created_at: nil, updated_at: nil>[0m
       [36m# ./spec/system/03_finishing_touches_spec.rb:4:in `block (2 levels) in <main>'[0m

  129) [STEP3] 仕上げのテスト サクセスメッセージのテスト 投稿データの新規投稿成功時: 投稿一覧画面から行います。
       [31mFailure/Error: let!(:user) { create(:user) }[0m
       [31m[0m
       [31mNoMethodError:[0m
       [31m  undefined method `introduction=' for #<User id: nil, email: "alphonso.maggio@pacocha.test", name: "yqhmjbp0u6", created_at: nil, updated_at: nil>[0m
       [36m# ./spec/system/03_finishing_touches_spec.rb:4:in `block (2 levels) in <main>'[0m

  130) [STEP3] 仕上げのテスト サクセスメッセージのテスト 投稿データの更新成功時
       [31mFailure/Error: let!(:user) { create(:user) }[0m
       [31m[0m
       [31mNoMethodError:[0m
       [31m  undefined method `introduction=' for #<User id: nil, email: "eddie.purdy@kemmer.test", name: "75p8h5ovet", created_at: nil, updated_at: nil>[0m
       [36m# ./spec/system/03_finishing_touches_spec.rb:4:in `block (2 levels) in <main>'[0m

  131) [STEP3] 仕上げのテスト 処理失敗時のテスト ユーザ新規登録失敗: nameを1文字にする 新規登録されない
       [31mFailure/Error: let!(:user) { create(:user) }[0m
       [31m[0m
       [31mNoMethodError:[0m
       [31m  undefined method `introduction=' for #<User id: nil, email: "debi_beier@bernier-lakin.example", name: "2kcta9yhdo", created_at: nil, updated_at: nil>[0m
       [36m# ./spec/system/03_finishing_touches_spec.rb:4:in `block (2 levels) in <main>'[0m

  132) [STEP3] 仕上げのテスト 処理失敗時のテスト ユーザ新規登録失敗: nameを1文字にする 新規登録画面を表示しており、フォームの内容が正しい
       [31mFailure/Error: let!(:user) { create(:user) }[0m
       [31m[0m
       [31mNoMethodError:[0m
       [31m  undefined method `introduction=' for #<User id: nil, email: "daniell@kuhic-kovacek.test", name: "nh6ey58l4t", created_at: nil, updated_at: nil>[0m
       [36m# ./spec/system/03_finishing_touches_spec.rb:4:in `block (2 levels) in <main>'[0m

  133) [STEP3] 仕上げのテスト 処理失敗時のテスト ユーザ新規登録失敗: nameを1文字にする バリデーションエラーが表示される
       [31mFailure/Error: let!(:user) { create(:user) }[0m
       [31m[0m
       [31mNoMethodError:[0m
       [31m  undefined method `introduction=' for #<User id: nil, email: "brandi.funk@roberts.example", name: "9o7nwb8eos", created_at: nil, updated_at: nil>[0m
       [36m# ./spec/system/03_finishing_touches_spec.rb:4:in `block (2 levels) in <main>'[0m

  134) [STEP3] 仕上げのテスト 処理失敗時のテスト ユーザのプロフィール情報編集失敗: nameを1文字にする 更新されない
       [31mFailure/Error: let!(:user) { create(:user) }[0m
       [31m[0m
       [31mNoMethodError:[0m
       [31m  undefined method `introduction=' for #<User id: nil, email: "leanora@keeling-padberg.example", name: "pq43mbj235", created_at: nil, updated_at: nil>[0m
       [36m# ./spec/system/03_finishing_touches_spec.rb:4:in `block (2 levels) in <main>'[0m

  135) [STEP3] 仕上げのテスト 処理失敗時のテスト ユーザのプロフィール情報編集失敗: nameを1文字にする ユーザ編集画面を表示しており、フォームの内容が正しい
       [31mFailure/Error: let!(:user) { create(:user) }[0m
       [31m[0m
       [31mNoMethodError:[0m
       [31m  undefined method `introduction=' for #<User id: nil, email: "cory@mayert.example", name: "0avock2hlw", created_at: nil, updated_at: nil>[0m
       [36m# ./spec/system/03_finishing_touches_spec.rb:4:in `block (2 levels) in <main>'[0m

  136) [STEP3] 仕上げのテスト 処理失敗時のテスト ユーザのプロフィール情報編集失敗: nameを1文字にする バリデーションエラーが表示される
       [31mFailure/Error: let!(:user) { create(:user) }[0m
       [31m[0m
       [31mNoMethodError:[0m
       [31m  undefined method `introduction=' for #<User id: nil, email: "mittie@considine.test", name: "hjw7nettdy", created_at: nil, updated_at: nil>[0m
       [36m# ./spec/system/03_finishing_touches_spec.rb:4:in `block (2 levels) in <main>'[0m

  137) [STEP3] 仕上げのテスト 処理失敗時のテスト 投稿データの新規投稿失敗: 投稿一覧画面から行い、titleを空にする 投稿が保存されない
       [31mFailure/Error: let!(:user) { create(:user) }[0m
       [31m[0m
       [31mNoMethodError:[0m
       [31m  undefined method `introduction=' for #<User id: nil, email: "francis_dibbert@roob.test", name: "r04i28xh3c", created_at: nil, updated_at: nil>[0m
       [36m# ./spec/system/03_finishing_touches_spec.rb:4:in `block (2 levels) in <main>'[0m

  138) [STEP3] 仕上げのテスト 処理失敗時のテスト 投稿データの新規投稿失敗: 投稿一覧画面から行い、titleを空にする 投稿一覧画面を表示している
       [31mFailure/Error: let!(:user) { create(:user) }[0m
       [31m[0m
       [31mNoMethodError:[0m
       [31m  undefined method `introduction=' for #<User id: nil, email: "josefina_balistreri@auer.example", name: "mraksjsksv", created_at: nil, updated_at: nil>[0m
       [36m# ./spec/system/03_finishing_touches_spec.rb:4:in `block (2 levels) in <main>'[0m

  139) [STEP3] 仕上げのテスト 処理失敗時のテスト 投稿データの新規投稿失敗: 投稿一覧画面から行い、titleを空にする 新規投稿フォームの内容が正しい
       [31mFailure/Error: let!(:user) { create(:user) }[0m
       [31m[0m
       [31mNoMethodError:[0m
       [31m  undefined method `introduction=' for #<User id: nil, email: "carlota@romaguera.test", name: "sccuoefqqo", created_at: nil, updated_at: nil>[0m
       [36m# ./spec/system/03_finishing_touches_spec.rb:4:in `block (2 levels) in <main>'[0m

  140) [STEP3] 仕上げのテスト 処理失敗時のテスト 投稿データの新規投稿失敗: 投稿一覧画面から行い、titleを空にする バリデーションエラーが表示される
       [31mFailure/Error: let!(:user) { create(:user) }[0m
       [31m[0m
       [31mNoMethodError:[0m
       [31m  undefined method `introduction=' for #<User id: nil, email: "valentina@weissnat-raynor.example", name: "qvdh6geeto", created_at: nil, updated_at: nil>[0m
       [36m# ./spec/system/03_finishing_touches_spec.rb:4:in `block (2 levels) in <main>'[0m

  141) [STEP3] 仕上げのテスト 処理失敗時のテスト 投稿データの更新失敗: titleを空にする 投稿が更新されない
       [31mFailure/Error: let!(:user) { create(:user) }[0m
       [31m[0m
       [31mNoMethodError:[0m
       [31m  undefined method `introduction=' for #<User id: nil, email: "jamel@stoltenberg.test", name: "vdljqujgl8", created_at: nil, updated_at: nil>[0m
       [36m# ./spec/system/03_finishing_touches_spec.rb:4:in `block (2 levels) in <main>'[0m

  142) [STEP3] 仕上げのテスト 処理失敗時のテスト 投稿データの更新失敗: titleを空にする 投稿編集画面を表示しており、フォームの内容が正しい
       [31mFailure/Error: let!(:user) { create(:user) }[0m
       [31m[0m
       [31mNoMethodError:[0m
       [31m  undefined method `introduction=' for #<User id: nil, email: "oralee@robel.test", name: "x26mlutg85", created_at: nil, updated_at: nil>[0m
       [36m# ./spec/system/03_finishing_touches_spec.rb:4:in `block (2 levels) in <main>'[0m

  143) [STEP3] 仕上げのテスト 処理失敗時のテスト 投稿データの更新失敗: titleを空にする エラーメッセージが表示される
       [31mFailure/Error: let!(:user) { create(:user) }[0m
       [31m[0m
       [31mNoMethodError:[0m
       [31m  undefined method `introduction=' for #<User id: nil, email: "jarod.schamberger@bailey.test", name: "megc08ek4p", created_at: nil, updated_at: nil>[0m
       [36m# ./spec/system/03_finishing_touches_spec.rb:4:in `block (2 levels) in <main>'[0m

  144) [STEP3] 仕上げのテスト ログインしていない場合のアクセス制限のテスト: アクセスできず、ログイン画面に遷移する ユーザ一覧画面
       [31mFailure/Error: let!(:user) { create(:user) }[0m
       [31m[0m
       [31mNoMethodError:[0m
       [31m  undefined method `introduction=' for #<User id: nil, email: "sylvie.douglas@schmitt.test", name: "f8unlnn7fn", created_at: nil, updated_at: nil>[0m
       [36m# ./spec/system/03_finishing_touches_spec.rb:4:in `block (2 levels) in <main>'[0m

  145) [STEP3] 仕上げのテスト ログインしていない場合のアクセス制限のテスト: アクセスできず、ログイン画面に遷移する ユーザ詳細画面
       [31mFailure/Error: let!(:user) { create(:user) }[0m
       [31m[0m
       [31mNoMethodError:[0m
       [31m  undefined method `introduction=' for #<User id: nil, email: "dolly.hand@rowe-runolfsson.test", name: "w4lhw4sxq5", created_at: nil, updated_at: nil>[0m
       [36m# ./spec/system/03_finishing_touches_spec.rb:4:in `block (2 levels) in <main>'[0m

  146) [STEP3] 仕上げのテスト ログインしていない場合のアクセス制限のテスト: アクセスできず、ログイン画面に遷移する ユーザ情報編集画面
       [31mFailure/Error: let!(:user) { create(:user) }[0m
       [31m[0m
       [31mNoMethodError:[0m
       [31m  undefined method `introduction=' for #<User id: nil, email: "annetta@johnston.example", name: "a59m300gju", created_at: nil, updated_at: nil>[0m
       [36m# ./spec/system/03_finishing_touches_spec.rb:4:in `block (2 levels) in <main>'[0m

  147) [STEP3] 仕上げのテスト ログインしていない場合のアクセス制限のテスト: アクセスできず、ログイン画面に遷移する 投稿一覧画面
       [31mFailure/Error: let!(:user) { create(:user) }[0m
       [31m[0m
       [31mNoMethodError:[0m
       [31m  undefined method `introduction=' for #<User id: nil, email: "lurlene.douglas@bruen-schamberger.example", name: "6oc0ko7fhy", created_at: nil, updated_at: nil>[0m
       [36m# ./spec/system/03_finishing_touches_spec.rb:4:in `block (2 levels) in <main>'[0m

  148) [STEP3] 仕上げのテスト ログインしていない場合のアクセス制限のテスト: アクセスできず、ログイン画面に遷移する 投稿詳細画面
       [31mFailure/Error: let!(:user) { create(:user) }[0m
       [31m[0m
       [31mNoMethodError:[0m
       [31m  undefined method `introduction=' for #<User id: nil, email: "valeri.durgan@shanahan.test", name: "9hv7axi88h", created_at: nil, updated_at: nil>[0m
       [36m# ./spec/system/03_finishing_touches_spec.rb:4:in `block (2 levels) in <main>'[0m

  149) [STEP3] 仕上げのテスト ログインしていない場合のアクセス制限のテスト: アクセスできず、ログイン画面に遷移する 投稿編集画面
       [31mFailure/Error: let!(:user) { create(:user) }[0m
       [31m[0m
       [31mNoMethodError:[0m
       [31m  undefined method `introduction=' for #<User id: nil, email: "avril_daugherty@spencer.example", name: "qufomu2sje", created_at: nil, updated_at: nil>[0m
       [36m# ./spec/system/03_finishing_touches_spec.rb:4:in `block (2 levels) in <main>'[0m

  150) [STEP3] 仕上げのテスト 他人の画面のテスト 他人の投稿詳細画面のテスト 表示内容の確認 URLが正しい
       [31mFailure/Error: let!(:user) { create(:user) }[0m
       [31m[0m
       [31mNoMethodError:[0m
       [31m  undefined method `introduction=' for #<User id: nil, email: "stevie@champlin-dickinson.test", name: "0ir2ghfu0z", created_at: nil, updated_at: nil>[0m
       [36m# ./spec/system/03_finishing_touches_spec.rb:4:in `block (2 levels) in <main>'[0m

  151) [STEP3] 仕上げのテスト 他人の画面のテスト 他人の投稿詳細画面のテスト 表示内容の確認 「Book detail」と表示される
       [31mFailure/Error: let!(:user) { create(:user) }[0m
       [31m[0m
       [31mNoMethodError:[0m
       [31m  undefined method `introduction=' for #<User id: nil, email: "adriane.harber@stehr.example", name: "xgf6qm8gij", created_at: nil, updated_at: nil>[0m
       [36m# ./spec/system/03_finishing_touches_spec.rb:4:in `block (2 levels) in <main>'[0m

  152) [STEP3] 仕上げのテスト 他人の画面のテスト 他人の投稿詳細画面のテスト 表示内容の確認 ユーザ画像・名前のリンク先が正しい
       [31mFailure/Error: let!(:user) { create(:user) }[0m
       [31m[0m
       [31mNoMethodError:[0m
       [31m  undefined method `introduction=' for #<User id: nil, email: "regan.stracke@mann.test", name: "tgdzob6tqb", created_at: nil, updated_at: nil>[0m
       [36m# ./spec/system/03_finishing_touches_spec.rb:4:in `block (2 levels) in <main>'[0m

  153) [STEP3] 仕上げのテスト 他人の画面のテスト 他人の投稿詳細画面のテスト 表示内容の確認 投稿のtitleが表示される
       [31mFailure/Error: let!(:user) { create(:user) }[0m
       [31m[0m
       [31mNoMethodError:[0m
       [31m  undefined method `introduction=' for #<User id: nil, email: "rudolf@bashirian-morissette.test", name: "gmedj0xyjg", created_at: nil, updated_at: nil>[0m
       [36m# ./spec/system/03_finishing_touches_spec.rb:4:in `block (2 levels) in <main>'[0m

  154) [STEP3] 仕上げのテスト 他人の画面のテスト 他人の投稿詳細画面のテスト 表示内容の確認 投稿のopinionが表示される
       [31mFailure/Error: let!(:user) { create(:user) }[0m
       [31m[0m
       [31mNoMethodError:[0m
       [31m  undefined method `introduction=' for #<User id: nil, email: "gretchen@anderson-sanford.test", name: "1x7tzr8opi", created_at: nil, updated_at: nil>[0m
       [36m# ./spec/system/03_finishing_touches_spec.rb:4:in `block (2 levels) in <main>'[0m

  155) [STEP3] 仕上げのテスト 他人の画面のテスト 他人の投稿詳細画面のテスト 表示内容の確認 投稿の編集リンクが表示されない
       [31mFailure/Error: let!(:user) { create(:user) }[0m
       [31m[0m
       [31mNoMethodError:[0m
       [31m  undefined method `introduction=' for #<User id: nil, email: "jacquie.schuster@macgyver-schmitt.example", name: "dk1ifbt4nr", created_at: nil, updated_at: nil>[0m
       [36m# ./spec/system/03_finishing_touches_spec.rb:4:in `block (2 levels) in <main>'[0m

  156) [STEP3] 仕上げのテスト 他人の画面のテスト 他人の投稿詳細画面のテスト 表示内容の確認 投稿の削除リンクが表示されない
       [31mFailure/Error: let!(:user) { create(:user) }[0m
       [31m[0m
       [31mNoMethodError:[0m
       [31m  undefined method `introduction=' for #<User id: nil, email: "everette.carroll@hettinger.test", name: "81whngjrir", created_at: nil, updated_at: nil>[0m
       [36m# ./spec/system/03_finishing_touches_spec.rb:4:in `block (2 levels) in <main>'[0m

  157) [STEP3] 仕上げのテスト 他人の画面のテスト 他人の投稿詳細画面のテスト サイドバーの確認 他人の名前と紹介文が表示される
       [31mFailure/Error: let!(:user) { create(:user) }[0m
       [31m[0m
       [31mNoMethodError:[0m
       [31m  undefined method `introduction=' for #<User id: nil, email: "sunday@wuckert.test", name: "6psm4qk9pn", created_at: nil, updated_at: nil>[0m
       [36m# ./spec/system/03_finishing_touches_spec.rb:4:in `block (2 levels) in <main>'[0m

  158) [STEP3] 仕上げのテスト 他人の画面のテスト 他人の投稿詳細画面のテスト サイドバーの確認 他人のユーザ編集画面へのリンクが存在する
       [31mFailure/Error: let!(:user) { create(:user) }[0m
       [31m[0m
       [31mNoMethodError:[0m
       [31m  undefined method `introduction=' for #<User id: nil, email: "bret@hartmann.test", name: "bmx9d2e53l", created_at: nil, updated_at: nil>[0m
       [36m# ./spec/system/03_finishing_touches_spec.rb:4:in `block (2 levels) in <main>'[0m

  159) [STEP3] 仕上げのテスト 他人の画面のテスト 他人の投稿詳細画面のテスト サイドバーの確認 自分の名前と紹介文は表示されない
       [31mFailure/Error: let!(:user) { create(:user) }[0m
       [31m[0m
       [31mNoMethodError:[0m
       [31m  undefined method `introduction=' for #<User id: nil, email: "morgan@dach.test", name: "5we0eql9n9", created_at: nil, updated_at: nil>[0m
       [36m# ./spec/system/03_finishing_touches_spec.rb:4:in `block (2 levels) in <main>'[0m

  160) [STEP3] 仕上げのテスト 他人の画面のテスト 他人の投稿詳細画面のテスト サイドバーの確認 自分のユーザ編集画面へのリンクは存在しない
       [31mFailure/Error: let!(:user) { create(:user) }[0m
       [31m[0m
       [31mNoMethodError:[0m
       [31m  undefined method `introduction=' for #<User id: nil, email: "beth.schamberger@schoen-bechtelar.test", name: "mwzr3rhe6j", created_at: nil, updated_at: nil>[0m
       [36m# ./spec/system/03_finishing_touches_spec.rb:4:in `block (2 levels) in <main>'[0m

  161) [STEP3] 仕上げのテスト 他人の画面のテスト 他人の投稿編集画面 遷移できず、投稿一覧画面にリダイレクトされる
       [31mFailure/Error: let!(:user) { create(:user) }[0m
       [31m[0m
       [31mNoMethodError:[0m
       [31m  undefined method `introduction=' for #<User id: nil, email: "zada.mcclure@dibbert-sporer.test", name: "pd6oq73br0", created_at: nil, updated_at: nil>[0m
       [36m# ./spec/system/03_finishing_touches_spec.rb:4:in `block (2 levels) in <main>'[0m

  162) [STEP3] 仕上げのテスト 他人の画面のテスト 他人のユーザ詳細画面のテスト 表示の確認 URLが正しい
       [31mFailure/Error: let!(:user) { create(:user) }[0m
       [31m[0m
       [31mNoMethodError:[0m
       [31m  undefined method `introduction=' for #<User id: nil, email: "bart@fay-langworth.example", name: "qbk1tvkz4l", created_at: nil, updated_at: nil>[0m
       [36m# ./spec/system/03_finishing_touches_spec.rb:4:in `block (2 levels) in <main>'[0m

  163) [STEP3] 仕上げのテスト 他人の画面のテスト 他人のユーザ詳細画面のテスト 表示の確認 投稿一覧のユーザ画像のリンク先が正しい
       [31mFailure/Error: let!(:user) { create(:user) }[0m
       [31m[0m
       [31mNoMethodError:[0m
       [31m  undefined method `introduction=' for #<User id: nil, email: "sherwood@mclaughlin.test", name: "9uje0k7c5o", created_at: nil, updated_at: nil>[0m
       [36m# ./spec/system/03_finishing_touches_spec.rb:4:in `block (2 levels) in <main>'[0m

  164) [STEP3] 仕上げのテスト 他人の画面のテスト 他人のユーザ詳細画面のテスト 表示の確認 投稿一覧に他人の投稿のtitleが表示され、リンクが正しい
       [31mFailure/Error: let!(:user) { create(:user) }[0m
       [31m[0m
       [31mNoMethodError:[0m
       [31m  undefined method `introduction=' for #<User id: nil, email: "delphine@conroy.test", name: "j49v0mo364", created_at: nil, updated_at: nil>[0m
       [36m# ./spec/system/03_finishing_touches_spec.rb:4:in `block (2 levels) in <main>'[0m

  165) [STEP3] 仕上げのテスト 他人の画面のテスト 他人のユーザ詳細画面のテスト 表示の確認 投稿一覧に他人の投稿のopinionが表示される
       [31mFailure/Error: let!(:user) { create(:user) }[0m
       [31m[0m
       [31mNoMethodError:[0m
       [31m  undefined method `introduction=' for #<User id: nil, email: "sharda_kshlerin@cole.test", name: "eesdmv077u", created_at: nil, updated_at: nil>[0m
       [36m# ./spec/system/03_finishing_touches_spec.rb:4:in `block (2 levels) in <main>'[0m

  166) [STEP3] 仕上げのテスト 他人の画面のテスト 他人のユーザ詳細画面のテスト 表示の確認 自分の投稿は表示されない
       [31mFailure/Error: let!(:user) { create(:user) }[0m
       [31m[0m
       [31mNoMethodError:[0m
       [31m  undefined method `introduction=' for #<User id: nil, email: "adolfo@mohr.test", name: "0419v0bwtc", created_at: nil, updated_at: nil>[0m
       [36m# ./spec/system/03_finishing_touches_spec.rb:4:in `block (2 levels) in <main>'[0m

  167) [STEP3] 仕上げのテスト 他人の画面のテスト 他人のユーザ詳細画面のテスト サイドバーの確認 他人の名前と紹介文が表示される
       [31mFailure/Error: let!(:user) { create(:user) }[0m
       [31m[0m
       [31mNoMethodError:[0m
       [31m  undefined method `introduction=' for #<User id: nil, email: "kristopher_predovic@tromp-spinka.test", name: "j2nbjbfnbu", created_at: nil, updated_at: nil>[0m
       [36m# ./spec/system/03_finishing_touches_spec.rb:4:in `block (2 levels) in <main>'[0m

  168) [STEP3] 仕上げのテスト 他人の画面のテスト 他人のユーザ詳細画面のテスト サイドバーの確認 他人のユーザ編集画面へのリンクが存在する
       [31mFailure/Error: let!(:user) { create(:user) }[0m
       [31m[0m
       [31mNoMethodError:[0m
       [31m  undefined method `introduction=' for #<User id: nil, email: "tiffaney_rogahn@daniel-stokes.example", name: "55vvmdc7vt", created_at: nil, updated_at: nil>[0m
       [36m# ./spec/system/03_finishing_touches_spec.rb:4:in `block (2 levels) in <main>'[0m

  169) [STEP3] 仕上げのテスト 他人の画面のテスト 他人のユーザ詳細画面のテスト サイドバーの確認 自分の名前と紹介文は表示されない
       [31mFailure/Error: let!(:user) { create(:user) }[0m
       [31m[0m
       [31mNoMethodError:[0m
       [31m  undefined method `introduction=' for #<User id: nil, email: "nicola_stracke@reilly.test", name: "qt6pz5szxw", created_at: nil, updated_at: nil>[0m
       [36m# ./spec/system/03_finishing_touches_spec.rb:4:in `block (2 levels) in <main>'[0m

  170) [STEP3] 仕上げのテスト 他人の画面のテスト 他人のユーザ詳細画面のテスト サイドバーの確認 自分のユーザ編集画面へのリンクは存在しない
       [31mFailure/Error: let!(:user) { create(:user) }[0m
       [31m[0m
       [31mNoMethodError:[0m
       [31m  undefined method `introduction=' for #<User id: nil, email: "kirby@mckenzie.test", name: "u1r52o8bwj", created_at: nil, updated_at: nil>[0m
       [36m# ./spec/system/03_finishing_touches_spec.rb:4:in `block (2 levels) in <main>'[0m

  171) [STEP3] 仕上げのテスト 他人の画面のテスト 他人のユーザ情報編集画面 遷移できず、自分のユーザ詳細画面にリダイレクトされる
       [31mFailure/Error: let!(:user) { create(:user) }[0m
       [31m[0m
       [31mNoMethodError:[0m
       [31m  undefined method `introduction=' for #<User id: nil, email: "isaiah@farrell.example", name: "en53twlw01", created_at: nil, updated_at: nil>[0m
       [36m# ./spec/system/03_finishing_touches_spec.rb:4:in `block (2 levels) in <main>'[0m

  172) [STEP3] 仕上げのテスト グリッドシステムのテスト: container, row, col-md-〇を正しく使えている ユーザ一覧画面
       [31mFailure/Error: let!(:user) { create(:user) }[0m
       [31m[0m
       [31mNoMethodError:[0m
       [31m  undefined method `introduction=' for #<User id: nil, email: "dierdre@stehr.example", name: "4mf11sz1rd", created_at: nil, updated_at: nil>[0m
       [36m# ./spec/system/03_finishing_touches_spec.rb:4:in `block (2 levels) in <main>'[0m

  173) [STEP3] 仕上げのテスト グリッドシステムのテスト: container, row, col-md-〇を正しく使えている ユーザ詳細画面
       [31mFailure/Error: let!(:user) { create(:user) }[0m
       [31m[0m
       [31mNoMethodError:[0m
       [31m  undefined method `introduction=' for #<User id: nil, email: "rasheeda@kshlerin.test", name: "40u2tgtu26", created_at: nil, updated_at: nil>[0m
       [36m# ./spec/system/03_finishing_touches_spec.rb:4:in `block (2 levels) in <main>'[0m

  174) [STEP3] 仕上げのテスト グリッドシステムのテスト: container, row, col-md-〇を正しく使えている 投稿一覧画面
       [31mFailure/Error: let!(:user) { create(:user) }[0m
       [31m[0m
       [31mNoMethodError:[0m
       [31m  undefined method `introduction=' for #<User id: nil, email: "keshia@ritchie.test", name: "l56jwm8imp", created_at: nil, updated_at: nil>[0m
       [36m# ./spec/system/03_finishing_touches_spec.rb:4:in `block (2 levels) in <main>'[0m

  175) [STEP3] 仕上げのテスト グリッドシステムのテスト: container, row, col-md-〇を正しく使えている 投稿詳細画面
       [31mFailure/Error: let!(:user) { create(:user) }[0m
       [31m[0m
       [31mNoMethodError:[0m
       [31m  undefined method `introduction=' for #<User id: nil, email: "sadie@abshire-homenick.test", name: "p26h2goelz", created_at: nil, updated_at: nil>[0m
       [36m# ./spec/system/03_finishing_touches_spec.rb:4:in `block (2 levels) in <main>'[0m

  176) [STEP3] 仕上げのテスト アイコンのテスト トップ画面 本のアイコンが表示される
       [31mFailure/Error: let!(:user) { create(:user) }[0m
       [31m[0m
       [31mNoMethodError:[0m
       [31m  undefined method `introduction=' for #<User id: nil, email: "miguel@gislason.example", name: "t91s92wwg5", created_at: nil, updated_at: nil>[0m
       [36m# ./spec/system/03_finishing_touches_spec.rb:4:in `block (2 levels) in <main>'[0m

  177) [STEP3] 仕上げのテスト アイコンのテスト アバウト画面 本のアイコンが表示される
       [31mFailure/Error: let!(:user) { create(:user) }[0m
       [31m[0m
       [31mNoMethodError:[0m
       [31m  undefined method `introduction=' for #<User id: nil, email: "king@windler.test", name: "pz8o482zth", created_at: nil, updated_at: nil>[0m
       [36m# ./spec/system/03_finishing_touches_spec.rb:4:in `block (2 levels) in <main>'[0m

  178) [STEP3] 仕上げのテスト アイコンのテスト ヘッダー: ログインしていない場合 Homeリンクのアイコンが表示される
       [31mFailure/Error: let!(:user) { create(:user) }[0m
       [31m[0m
       [31mNoMethodError:[0m
       [31m  undefined method `introduction=' for #<User id: nil, email: "candace.okuneva@satterfield.example", name: "10kw7xjcp6", created_at: nil, updated_at: nil>[0m
       [36m# ./spec/system/03_finishing_touches_spec.rb:4:in `block (2 levels) in <main>'[0m

  179) [STEP3] 仕上げのテスト アイコンのテスト ヘッダー: ログインしていない場合 Aboutリンクのアイコンが表示される
       [31mFailure/Error: let!(:user) { create(:user) }[0m
       [31m[0m
       [31mNoMethodError:[0m
       [31m  undefined method `introduction=' for #<User id: nil, email: "nancy@rosenbaum-ratke.example", name: "dt3w9kmf03", created_at: nil, updated_at: nil>[0m
       [36m# ./spec/system/03_finishing_touches_spec.rb:4:in `block (2 levels) in <main>'[0m

  180) [STEP3] 仕上げのテスト アイコンのテスト ヘッダー: ログインしていない場合 Sign upリンクのアイコンが表示される
       [31mFailure/Error: let!(:user) { create(:user) }[0m
       [31m[0m
       [31mNoMethodError:[0m
       [31m  undefined method `introduction=' for #<User id: nil, email: "heriberto@crist-little.example", name: "5v1ngpojpl", created_at: nil, updated_at: nil>[0m
       [36m# ./spec/system/03_finishing_touches_spec.rb:4:in `block (2 levels) in <main>'[0m

  181) [STEP3] 仕上げのテスト アイコンのテスト ヘッダー: ログインしていない場合 Log inリンクのアイコンが表示される
       [31mFailure/Error: let!(:user) { create(:user) }[0m
       [31m[0m
       [31mNoMethodError:[0m
       [31m  undefined method `introduction=' for #<User id: nil, email: "leila@walter.test", name: "p4igubn3q0", created_at: nil, updated_at: nil>[0m
       [36m# ./spec/system/03_finishing_touches_spec.rb:4:in `block (2 levels) in <main>'[0m

  182) [STEP3] 仕上げのテスト アイコンのテスト ヘッダー: ログインしている場合 Homeリンクのアイコンが表示される
       [31mFailure/Error: let!(:user) { create(:user) }[0m
       [31m[0m
       [31mNoMethodError:[0m
       [31m  undefined method `introduction=' for #<User id: nil, email: "milan@rau-mckenzie.example", name: "klgs8svrhb", created_at: nil, updated_at: nil>[0m
       [36m# ./spec/system/03_finishing_touches_spec.rb:4:in `block (2 levels) in <main>'[0m

  183) [STEP3] 仕上げのテスト アイコンのテスト ヘッダー: ログインしている場合 Usersリンクのアイコンが表示される
       [31mFailure/Error: let!(:user) { create(:user) }[0m
       [31m[0m
       [31mNoMethodError:[0m
       [31m  undefined method `introduction=' for #<User id: nil, email: "ron.barrows@macgyver.test", name: "kmpgr0jtzx", created_at: nil, updated_at: nil>[0m
       [36m# ./spec/system/03_finishing_touches_spec.rb:4:in `block (2 levels) in <main>'[0m

  184) [STEP3] 仕上げのテスト アイコンのテスト ヘッダー: ログインしている場合 Booksリンクのアイコンが表示される
       [31mFailure/Error: let!(:user) { create(:user) }[0m
       [31m[0m
       [31mNoMethodError:[0m
       [31m  undefined method `introduction=' for #<User id: nil, email: "cole_kemmer@reichert.test", name: "cjthpj1on2", created_at: nil, updated_at: nil>[0m
       [36m# ./spec/system/03_finishing_touches_spec.rb:4:in `block (2 levels) in <main>'[0m

  185) [STEP3] 仕上げのテスト アイコンのテスト ヘッダー: ログインしている場合 Log outリンクのアイコンが表示される
       [31mFailure/Error: let!(:user) { create(:user) }[0m
       [31m[0m
       [31mNoMethodError:[0m
       [31m  undefined method `introduction=' for #<User id: nil, email: "jaime.haley@kunze.test", name: "vhrl6gpfe1", created_at: nil, updated_at: nil>[0m
       [36m# ./spec/system/03_finishing_touches_spec.rb:4:in `block (2 levels) in <main>'[0m

  186) [STEP3] 仕上げのテスト アイコンのテスト サイドバー ユーザ一覧画面でレンチアイコンが表示される
       [31mFailure/Error: let!(:user) { create(:user) }[0m
       [31m[0m
       [31mNoMethodError:[0m
       [31m  undefined method `introduction=' for #<User id: nil, email: "rosalia@jerde-hegmann.example", name: "fdhtqu8xj6", created_at: nil, updated_at: nil>[0m
       [36m# ./spec/system/03_finishing_touches_spec.rb:4:in `block (2 levels) in <main>'[0m

  187) [STEP3] 仕上げのテスト アイコンのテスト サイドバー ユーザ詳細画面でレンチアイコンが表示される
       [31mFailure/Error: let!(:user) { create(:user) }[0m
       [31m[0m
       [31mNoMethodError:[0m
       [31m  undefined method `introduction=' for #<User id: nil, email: "terry@tremblay.test", name: "tjax8oeb0g", created_at: nil, updated_at: nil>[0m
       [36m# ./spec/system/03_finishing_touches_spec.rb:4:in `block (2 levels) in <main>'[0m

  188) [STEP3] 仕上げのテスト アイコンのテスト サイドバー 投稿一覧画面でレンチアイコンが表示される
       [31mFailure/Error: let!(:user) { create(:user) }[0m
       [31m[0m
       [31mNoMethodError:[0m
       [31m  undefined method `introduction=' for #<User id: nil, email: "abdul.reichel@streich.test", name: "gajfzxedgw", created_at: nil, updated_at: nil>[0m
       [36m# ./spec/system/03_finishing_touches_spec.rb:4:in `block (2 levels) in <main>'[0m

  189) [STEP3] 仕上げのテスト アイコンのテスト サイドバー 投稿詳細画面でレンチアイコンが表示される
       [31mFailure/Error: let!(:user) { create(:user) }[0m
       [31m[0m
       [31mNoMethodError:[0m
       [31m  undefined method `introduction=' for #<User id: nil, email: "wilber@hamill.example", name: "ir1mre3mt1", created_at: nil, updated_at: nil>[0m
       [36m# ./spec/system/03_finishing_touches_spec.rb:4:in `block (2 levels) in <main>'[0m

Finished in 0.83324 seconds (files took 0.92777 seconds to load)
[31m201 examples, 189 failures[0m

Failed examples:

[31mrspec ./spec/controllers/users_controller_spec.rb:14[0m [36m# UsersController GET #edit ログインユーザーの場合 レスポンスが成功すること[0m
[31mrspec ./spec/controllers/users_controller_spec.rb:18[0m [36m# UsersController GET #edit ログインユーザーの場合 @userが正しく設定されていること[0m
[31mrspec ./spec/models/book_spec.rb:11[0m [36m# Bookモデルのテスト バリデーションのテスト titleカラム 空欄でないこと[0m
[31mrspec ./spec/models/book_spec.rb:18[0m [36m# Bookモデルのテスト バリデーションのテスト bodyカラム 空欄でないこと[0m
[31mrspec ./spec/models/book_spec.rb:22[0m [36m# Bookモデルのテスト バリデーションのテスト bodyカラム 200文字以下であること: 200文字は〇[0m
[31mrspec ./spec/models/book_spec.rb:26[0m [36m# Bookモデルのテスト バリデーションのテスト bodyカラム 200文字以下であること: 201文字は×[0m
[31mrspec ./spec/models/user_spec.rb:11[0m [36m# Userモデルのテスト バリデーションのテスト nameカラム 空欄でないこと[0m
[31mrspec ./spec/models/user_spec.rb:15[0m [36m# Userモデルのテスト バリデーションのテスト nameカラム 2文字以上であること: 1文字は×[0m
[31mrspec ./spec/models/user_spec.rb:19[0m [36m# Userモデルのテスト バリデーションのテスト nameカラム 2文字以上であること: 2文字は〇[0m
[31mrspec ./spec/models/user_spec.rb:23[0m [36m# Userモデルのテスト バリデーションのテスト nameカラム 20文字以下であること: 20文字は〇[0m
[31mrspec ./spec/models/user_spec.rb:27[0m [36m# Userモデルのテスト バリデーションのテスト nameカラム 20文字以下であること: 21文字は×[0m
[31mrspec ./spec/models/user_spec.rb:31[0m [36m# Userモデルのテスト バリデーションのテスト nameカラム 一意性があること[0m
[31mrspec ./spec/models/user_spec.rb:38[0m [36m# Userモデルのテスト バリデーションのテスト introductionカラム 50文字以下であること: 50文字は〇[0m
[31mrspec ./spec/models/user_spec.rb:42[0m [36m# Userモデルのテスト バリデーションのテスト introductionカラム 50文字以下であること: 51文字は×[0m
[31mrspec ./spec/models/user_spec.rb:51[0m [36m# Userモデルのテスト アソシエーションのテスト Bookモデルとの関係 1:Nとなっている[0m
[31mrspec ./spec/system/01_before_login_spec.rb:13[0m [36m# [STEP1] ユーザログイン前のテスト トップ画面のテスト 表示内容の確認 Log inリンクが表示される: 青色のボタンの表示が「Log in」である[0m
[31mrspec ./spec/system/01_before_login_spec.rb:17[0m [36m# [STEP1] ユーザログイン前のテスト トップ画面のテスト 表示内容の確認 Log inリンクの内容が正しい[0m
[31mrspec ./spec/system/01_before_login_spec.rb:21[0m [36m# [STEP1] ユーザログイン前のテスト トップ画面のテスト 表示内容の確認 Sign upリンクが表示される: 緑色のボタンの表示が「Sign up」である[0m
[31mrspec ./spec/system/01_before_login_spec.rb:25[0m [36m# [STEP1] ユーザログイン前のテスト トップ画面のテスト 表示内容の確認 Sign upリンクの内容が正しい[0m
[31mrspec ./spec/system/01_before_login_spec.rb:38[0m [36m# [STEP1] ユーザログイン前のテスト アバウト画面のテスト 表示内容の確認 URLが正しい[0m
[31mrspec ./spec/system/01_before_login_spec.rb:50[0m [36m# [STEP1] ユーザログイン前のテスト ヘッダーのテスト: ログインしていない場合 表示内容の確認 Bookersリンクが表示される: 左上から1番目のリンクが「Bookers」である[0m
[31mrspec ./spec/system/01_before_login_spec.rb:54[0m [36m# [STEP1] ユーザログイン前のテスト ヘッダーのテスト: ログインしていない場合 表示内容の確認 Homeリンクが表示される: 左上から2番目のリンクが「Home」である[0m
[31mrspec ./spec/system/01_before_login_spec.rb:58[0m [36m# [STEP1] ユーザログイン前のテスト ヘッダーのテスト: ログインしていない場合 表示内容の確認 Aboutリンクが表示される: 左上から3番目のリンクが「About」である[0m
[31mrspec ./spec/system/01_before_login_spec.rb:62[0m [36m# [STEP1] ユーザログイン前のテスト ヘッダーのテスト: ログインしていない場合 表示内容の確認 Sign upリンクが表示される: 左上から4番目のリンクが「Sign up」である[0m
[31mrspec ./spec/system/01_before_login_spec.rb:66[0m [36m# [STEP1] ユーザログイン前のテスト ヘッダーのテスト: ログインしていない場合 表示内容の確認 Log inリンクが表示される: 左上から5番目のリンクが「Log in」である[0m
[31mrspec ./spec/system/01_before_login_spec.rb:75[0m [36m# [STEP1] ユーザログイン前のテスト ヘッダーのテスト: ログインしていない場合 リンクの内容を確認 Bookersを押すと、トップ画面に遷移する[0m
[31mrspec ./spec/system/01_before_login_spec.rb:82[0m [36m# [STEP1] ユーザログイン前のテスト ヘッダーのテスト: ログインしていない場合 リンクの内容を確認 Homeを押すと、トップ画面に遷移する[0m
[31mrspec ./spec/system/01_before_login_spec.rb:89[0m [36m# [STEP1] ユーザログイン前のテスト ヘッダーのテスト: ログインしていない場合 リンクの内容を確認 Aboutを押すと、アバウト画面に遷移する[0m
[31mrspec ./spec/system/01_before_login_spec.rb:95[0m [36m# [STEP1] ユーザログイン前のテスト ヘッダーのテスト: ログインしていない場合 リンクの内容を確認 Sign upを押すと、新規登録画面に遷移する[0m
[31mrspec ./spec/system/01_before_login_spec.rb:101[0m [36m# [STEP1] ユーザログイン前のテスト ヘッダーのテスト: ログインしていない場合 リンクの内容を確認 Log inを押すと、ログイン画面に遷移する[0m
[31mrspec ./spec/system/01_before_login_spec.rb:119[0m [36m# [STEP1] ユーザログイン前のテスト ユーザ新規登録のテスト 表示内容の確認 「Sign up」と表示される[0m
[31mrspec ./spec/system/01_before_login_spec.rb:150[0m [36m# [STEP1] ユーザログイン前のテスト ユーザ新規登録のテスト 新規登録成功のテスト 新規登録後のリダイレクト先が、新規登録できたユーザの詳細画面になっている[0m
[31mrspec ./spec/system/01_before_login_spec.rb:168[0m [36m# [STEP1] ユーザログイン前のテスト ユーザログイン 表示内容の確認 「Log in」と表示される[0m
[31mrspec ./spec/system/01_before_login_spec.rb:171[0m [36m# [STEP1] ユーザログイン前のテスト ユーザログイン 表示内容の確認 nameフォームが表示される[0m
[31mrspec ./spec/system/01_before_login_spec.rb:180[0m [36m# [STEP1] ユーザログイン前のテスト ユーザログイン 表示内容の確認 emailフォームは表示されない[0m
[31mrspec ./spec/system/01_before_login_spec.rb:192[0m [36m# [STEP1] ユーザログイン前のテスト ユーザログイン ログイン成功のテスト ログイン後のリダイレクト先が、ログインしたユーザの詳細画面になっている[0m
[31mrspec ./spec/system/01_before_login_spec.rb:204[0m [36m# [STEP1] ユーザログイン前のテスト ユーザログイン ログイン失敗のテスト ログインに失敗し、ログイン画面にリダイレクトされる[0m
[31mrspec ./spec/system/01_before_login_spec.rb:221[0m [36m# [STEP1] ユーザログイン前のテスト ヘッダーのテスト: ログインしている場合 ヘッダーの表示を確認 Bookersリンクが表示される: 左上から1番目のリンクが「Bookers」である[0m
[31mrspec ./spec/system/01_before_login_spec.rb:225[0m [36m# [STEP1] ユーザログイン前のテスト ヘッダーのテスト: ログインしている場合 ヘッダーの表示を確認 Homeリンクが表示される: 左上から2番目のリンクが「Home」である[0m
[31mrspec ./spec/system/01_before_login_spec.rb:229[0m [36m# [STEP1] ユーザログイン前のテスト ヘッダーのテスト: ログインしている場合 ヘッダーの表示を確認 Usersリンクが表示される: 左上から3番目のリンクが「Users」である[0m
[31mrspec ./spec/system/01_before_login_spec.rb:233[0m [36m# [STEP1] ユーザログイン前のテスト ヘッダーのテスト: ログインしている場合 ヘッダーの表示を確認 Booksリンクが表示される: 左上から4番目のリンクが「Books」である[0m
[31mrspec ./spec/system/01_before_login_spec.rb:237[0m [36m# [STEP1] ユーザログイン前のテスト ヘッダーのテスト: ログインしている場合 ヘッダーの表示を確認 Log outリンクが表示される: 左上から5番目のリンクが「Log out」である[0m
[31mrspec ./spec/system/01_before_login_spec.rb:258[0m [36m# [STEP1] ユーザログイン前のテスト ユーザログアウトのテスト ログアウト機能のテスト 正しくログアウトできている: ログアウト後のリダイレクト先においてAbout画面へのリンクが存在する[0m
[31mrspec ./spec/system/01_before_login_spec.rb:261[0m [36m# [STEP1] ユーザログイン前のテスト ユーザログアウトのテスト ログアウト機能のテスト ログアウト後のリダイレクト先が、トップになっている[0m
[31mrspec ./spec/system/02_after_login_spec.rb:20[0m [36m# [STEP2] ユーザログイン後のテスト ヘッダーのテスト: ログインしている場合 リンクの内容を確認: ※logoutは『ユーザログアウトのテスト』でテスト済みになります。 Homeを押すと、自分のユーザ詳細画面に遷移する[0m
[31mrspec ./spec/system/02_after_login_spec.rb:26[0m [36m# [STEP2] ユーザログイン後のテスト ヘッダーのテスト: ログインしている場合 リンクの内容を確認: ※logoutは『ユーザログアウトのテスト』でテスト済みになります。 Usersを押すと、ユーザ一覧画面に遷移する[0m
[31mrspec ./spec/system/02_after_login_spec.rb:32[0m [36m# [STEP2] ユーザログイン後のテスト ヘッダーのテスト: ログインしている場合 リンクの内容を確認: ※logoutは『ユーザログアウトのテスト』でテスト済みになります。 Booksを押すと、投稿一覧画面に遷移する[0m
[31mrspec ./spec/system/02_after_login_spec.rb:47[0m [36m# [STEP2] ユーザログイン後のテスト 投稿一覧画面のテスト 表示内容の確認 URLが正しい[0m
[31mrspec ./spec/system/02_after_login_spec.rb:50[0m [36m# [STEP2] ユーザログイン後のテスト 投稿一覧画面のテスト 表示内容の確認 自分と他人の画像のリンク先が正しい[0m
[31mrspec ./spec/system/02_after_login_spec.rb:54[0m [36m# [STEP2] ユーザログイン後のテスト 投稿一覧画面のテスト 表示内容の確認 自分の投稿と他人の投稿のタイトルのリンク先がそれぞれ正しい[0m
[31mrspec ./spec/system/02_after_login_spec.rb:58[0m [36m# [STEP2] ユーザログイン後のテスト 投稿一覧画面のテスト 表示内容の確認 自分の投稿と他人の投稿のオピニオンが表示される[0m
[31mrspec ./spec/system/02_after_login_spec.rb:65[0m [36m# [STEP2] ユーザログイン後のテスト 投稿一覧画面のテスト サイドバーの確認 自分の名前と紹介文が表示される[0m
[31mrspec ./spec/system/02_after_login_spec.rb:69[0m [36m# [STEP2] ユーザログイン後のテスト 投稿一覧画面のテスト サイドバーの確認 自分のユーザ編集画面へのリンクが存在する[0m
[31mrspec ./spec/system/02_after_login_spec.rb:72[0m [36m# [STEP2] ユーザログイン後のテスト 投稿一覧画面のテスト サイドバーの確認 「New book」と表示される[0m
[31mrspec ./spec/system/02_after_login_spec.rb:75[0m [36m# [STEP2] ユーザログイン後のテスト 投稿一覧画面のテスト サイドバーの確認 titleフォームが表示される[0m
[31mrspec ./spec/system/02_after_login_spec.rb:78[0m [36m# [STEP2] ユーザログイン後のテスト 投稿一覧画面のテスト サイドバーの確認 titleフォームに値が入っていない[0m
[31mrspec ./spec/system/02_after_login_spec.rb:81[0m [36m# [STEP2] ユーザログイン後のテスト 投稿一覧画面のテスト サイドバーの確認 bodyフォームが表示される[0m
[31mrspec ./spec/system/02_after_login_spec.rb:84[0m [36m# [STEP2] ユーザログイン後のテスト 投稿一覧画面のテスト サイドバーの確認 bodyフォームに値が入っていない[0m
[31mrspec ./spec/system/02_after_login_spec.rb:87[0m [36m# [STEP2] ユーザログイン後のテスト 投稿一覧画面のテスト サイドバーの確認 Create Bookボタンが表示される[0m
[31mrspec ./spec/system/02_after_login_spec.rb:98[0m [36m# [STEP2] ユーザログイン後のテスト 投稿一覧画面のテスト 投稿成功のテスト 自分の新しい投稿が正しく保存される[0m
[31mrspec ./spec/system/02_after_login_spec.rb:101[0m [36m# [STEP2] ユーザログイン後のテスト 投稿一覧画面のテスト 投稿成功のテスト リダイレクト先が、保存できた投稿の詳細画面になっている[0m
[31mrspec ./spec/system/02_after_login_spec.rb:114[0m [36m# [STEP2] ユーザログイン後のテスト 自分の投稿詳細画面のテスト 表示内容の確認 URLが正しい[0m
[31mrspec ./spec/system/02_after_login_spec.rb:117[0m [36m# [STEP2] ユーザログイン後のテスト 自分の投稿詳細画面のテスト 表示内容の確認 「Book detail」と表示される[0m
[31mrspec ./spec/system/02_after_login_spec.rb:120[0m [36m# [STEP2] ユーザログイン後のテスト 自分の投稿詳細画面のテスト 表示内容の確認 ユーザ画像・名前のリンク先が正しい[0m
[31mrspec ./spec/system/02_after_login_spec.rb:123[0m [36m# [STEP2] ユーザログイン後のテスト 自分の投稿詳細画面のテスト 表示内容の確認 投稿のtitleが表示される[0m
[31mrspec ./spec/system/02_after_login_spec.rb:126[0m [36m# [STEP2] ユーザログイン後のテスト 自分の投稿詳細画面のテスト 表示内容の確認 投稿のbodyが表示される[0m
[31mrspec ./spec/system/02_after_login_spec.rb:129[0m [36m# [STEP2] ユーザログイン後のテスト 自分の投稿詳細画面のテスト 表示内容の確認 投稿の編集リンクが表示される[0m
[31mrspec ./spec/system/02_after_login_spec.rb:132[0m [36m# [STEP2] ユーザログイン後のテスト 自分の投稿詳細画面のテスト 表示内容の確認 投稿の削除リンクが表示される[0m
[31mrspec ./spec/system/02_after_login_spec.rb:138[0m [36m# [STEP2] ユーザログイン後のテスト 自分の投稿詳細画面のテスト サイドバーの確認 自分の名前と紹介文が表示される[0m
[31mrspec ./spec/system/02_after_login_spec.rb:142[0m [36m# [STEP2] ユーザログイン後のテスト 自分の投稿詳細画面のテスト サイドバーの確認 自分のユーザ編集画面へのリンクが存在する[0m
[31mrspec ./spec/system/02_after_login_spec.rb:145[0m [36m# [STEP2] ユーザログイン後のテスト 自分の投稿詳細画面のテスト サイドバーの確認 「New book」と表示される[0m
[31mrspec ./spec/system/02_after_login_spec.rb:148[0m [36m# [STEP2] ユーザログイン後のテスト 自分の投稿詳細画面のテスト サイドバーの確認 titleフォームが表示される[0m
[31mrspec ./spec/system/02_after_login_spec.rb:151[0m [36m# [STEP2] ユーザログイン後のテスト 自分の投稿詳細画面のテスト サイドバーの確認 titleフォームに値が入っていない[0m
[31mrspec ./spec/system/02_after_login_spec.rb:154[0m [36m# [STEP2] ユーザログイン後のテスト 自分の投稿詳細画面のテスト サイドバーの確認 bodyフォームが表示される[0m
[31mrspec ./spec/system/02_after_login_spec.rb:157[0m [36m# [STEP2] ユーザログイン後のテスト 自分の投稿詳細画面のテスト サイドバーの確認 bodyフォームに値が入っていない[0m
[31mrspec ./spec/system/02_after_login_spec.rb:160[0m [36m# [STEP2] ユーザログイン後のテスト 自分の投稿詳細画面のテスト サイドバーの確認 Create Bookボタンが表示される[0m
[31mrspec ./spec/system/02_after_login_spec.rb:171[0m [36m# [STEP2] ユーザログイン後のテスト 自分の投稿詳細画面のテスト 投稿成功のテスト 自分の新しい投稿が正しく保存される[0m
[31mrspec ./spec/system/02_after_login_spec.rb:180[0m [36m# [STEP2] ユーザログイン後のテスト 自分の投稿詳細画面のテスト 編集リンクのテスト 編集画面に遷移する[0m
[31mrspec ./spec/system/02_after_login_spec.rb:189[0m [36m# [STEP2] ユーザログイン後のテスト 自分の投稿詳細画面のテスト 削除リンクのテスト application.html.erbにjavascript_pack_tagを含んでいる[0m
[31mrspec ./spec/system/02_after_login_spec.rb:203[0m [36m# [STEP2] ユーザログイン後のテスト 自分の投稿詳細画面のテスト 削除リンクのテスト 正しく削除される[0m
[31mrspec ./spec/system/02_after_login_spec.rb:206[0m [36m# [STEP2] ユーザログイン後のテスト 自分の投稿詳細画面のテスト 削除リンクのテスト リダイレクト先が、投稿一覧画面になっている[0m
[31mrspec ./spec/system/02_after_login_spec.rb:218[0m [36m# [STEP2] ユーザログイン後のテスト 自分の投稿編集画面のテスト 表示の確認 URLが正しい[0m
[31mrspec ./spec/system/02_after_login_spec.rb:221[0m [36m# [STEP2] ユーザログイン後のテスト 自分の投稿編集画面のテスト 表示の確認 「Editing Book」と表示される[0m
[31mrspec ./spec/system/02_after_login_spec.rb:224[0m [36m# [STEP2] ユーザログイン後のテスト 自分の投稿編集画面のテスト 表示の確認 title編集フォームが表示される[0m
[31mrspec ./spec/system/02_after_login_spec.rb:227[0m [36m# [STEP2] ユーザログイン後のテスト 自分の投稿編集画面のテスト 表示の確認 body編集フォームが表示される[0m
[31mrspec ./spec/system/02_after_login_spec.rb:230[0m [36m# [STEP2] ユーザログイン後のテスト 自分の投稿編集画面のテスト 表示の確認 Update Bookボタンが表示される[0m
[31mrspec ./spec/system/02_after_login_spec.rb:233[0m [36m# [STEP2] ユーザログイン後のテスト 自分の投稿編集画面のテスト 表示の確認 Showリンクが表示される[0m
[31mrspec ./spec/system/02_after_login_spec.rb:236[0m [36m# [STEP2] ユーザログイン後のテスト 自分の投稿編集画面のテスト 表示の確認 Backリンクが表示される[0m
[31mrspec ./spec/system/02_after_login_spec.rb:250[0m [36m# [STEP2] ユーザログイン後のテスト 自分の投稿編集画面のテスト 編集成功のテスト titleが正しく更新される[0m
[31mrspec ./spec/system/02_after_login_spec.rb:253[0m [36m# [STEP2] ユーザログイン後のテスト 自分の投稿編集画面のテスト 編集成功のテスト bodyが正しく更新される[0m
[31mrspec ./spec/system/02_after_login_spec.rb:256[0m [36m# [STEP2] ユーザログイン後のテスト 自分の投稿編集画面のテスト 編集成功のテスト リダイレクト先が、更新した投稿の詳細画面になっている[0m
[31mrspec ./spec/system/02_after_login_spec.rb:269[0m [36m# [STEP2] ユーザログイン後のテスト ユーザ一覧画面のテスト 表示内容の確認 URLが正しい[0m
[31mrspec ./spec/system/02_after_login_spec.rb:272[0m [36m# [STEP2] ユーザログイン後のテスト ユーザ一覧画面のテスト 表示内容の確認 自分と他人の画像が表示される: fallbackの画像がサイドバーの1つ＋一覧(2人)の2つの計3つ存在する[0m
[31mrspec ./spec/system/02_after_login_spec.rb:275[0m [36m# [STEP2] ユーザログイン後のテスト ユーザ一覧画面のテスト 表示内容の確認 自分と他人の名前がそれぞれ表示される[0m
[31mrspec ./spec/system/02_after_login_spec.rb:279[0m [36m# [STEP2] ユーザログイン後のテスト ユーザ一覧画面のテスト 表示内容の確認 自分と他人のshowリンクがそれぞれ表示される[0m
[31mrspec ./spec/system/02_after_login_spec.rb:286[0m [36m# [STEP2] ユーザログイン後のテスト ユーザ一覧画面のテスト サイドバーの確認 自分の名前と紹介文が表示される[0m
[31mrspec ./spec/system/02_after_login_spec.rb:290[0m [36m# [STEP2] ユーザログイン後のテスト ユーザ一覧画面のテスト サイドバーの確認 自分のユーザ編集画面へのリンクが存在する[0m
[31mrspec ./spec/system/02_after_login_spec.rb:293[0m [36m# [STEP2] ユーザログイン後のテスト ユーザ一覧画面のテスト サイドバーの確認 「New book」と表示される[0m
[31mrspec ./spec/system/02_after_login_spec.rb:296[0m [36m# [STEP2] ユーザログイン後のテスト ユーザ一覧画面のテスト サイドバーの確認 titleフォームが表示される[0m
[31mrspec ./spec/system/02_after_login_spec.rb:299[0m [36m# [STEP2] ユーザログイン後のテスト ユーザ一覧画面のテスト サイドバーの確認 titleフォームに値が入っていない[0m
[31mrspec ./spec/system/02_after_login_spec.rb:302[0m [36m# [STEP2] ユーザログイン後のテスト ユーザ一覧画面のテスト サイドバーの確認 bodyフォームが表示される[0m
[31mrspec ./spec/system/02_after_login_spec.rb:305[0m [36m# [STEP2] ユーザログイン後のテスト ユーザ一覧画面のテスト サイドバーの確認 bodyフォームに値が入っていない[0m
[31mrspec ./spec/system/02_after_login_spec.rb:308[0m [36m# [STEP2] ユーザログイン後のテスト ユーザ一覧画面のテスト サイドバーの確認 Create Bookボタンが表示される[0m
[31mrspec ./spec/system/02_after_login_spec.rb:320[0m [36m# [STEP2] ユーザログイン後のテスト 自分のユーザ詳細画面のテスト 表示の確認 URLが正しい[0m
[31mrspec ./spec/system/02_after_login_spec.rb:323[0m [36m# [STEP2] ユーザログイン後のテスト 自分のユーザ詳細画面のテスト 表示の確認 投稿一覧のユーザ画像のリンク先が正しい[0m
[31mrspec ./spec/system/02_after_login_spec.rb:326[0m [36m# [STEP2] ユーザログイン後のテスト 自分のユーザ詳細画面のテスト 表示の確認 投稿一覧に自分の投稿のtitleが表示され、リンクが正しい[0m
[31mrspec ./spec/system/02_after_login_spec.rb:329[0m [36m# [STEP2] ユーザログイン後のテスト 自分のユーザ詳細画面のテスト 表示の確認 投稿一覧に自分の投稿のbodyが表示される[0m
[31mrspec ./spec/system/02_after_login_spec.rb:332[0m [36m# [STEP2] ユーザログイン後のテスト 自分のユーザ詳細画面のテスト 表示の確認 他人の投稿は表示されない[0m
[31mrspec ./spec/system/02_after_login_spec.rb:340[0m [36m# [STEP2] ユーザログイン後のテスト 自分のユーザ詳細画面のテスト サイドバーの確認 自分の名前と紹介文が表示される[0m
[31mrspec ./spec/system/02_after_login_spec.rb:344[0m [36m# [STEP2] ユーザログイン後のテスト 自分のユーザ詳細画面のテスト サイドバーの確認 自分のユーザ編集画面へのリンクが存在する[0m
[31mrspec ./spec/system/02_after_login_spec.rb:347[0m [36m# [STEP2] ユーザログイン後のテスト 自分のユーザ詳細画面のテスト サイドバーの確認 「New book」と表示される[0m
[31mrspec ./spec/system/02_after_login_spec.rb:350[0m [36m# [STEP2] ユーザログイン後のテスト 自分のユーザ詳細画面のテスト サイドバーの確認 titleフォームが表示される[0m
[31mrspec ./spec/system/02_after_login_spec.rb:353[0m [36m# [STEP2] ユーザログイン後のテスト 自分のユーザ詳細画面のテスト サイドバーの確認 titleフォームに値が入っていない[0m
[31mrspec ./spec/system/02_after_login_spec.rb:356[0m [36m# [STEP2] ユーザログイン後のテスト 自分のユーザ詳細画面のテスト サイドバーの確認 bodyフォームが表示される[0m
[31mrspec ./spec/system/02_after_login_spec.rb:359[0m [36m# [STEP2] ユーザログイン後のテスト 自分のユーザ詳細画面のテスト サイドバーの確認 bodyフォームに値が入っていない[0m
[31mrspec ./spec/system/02_after_login_spec.rb:362[0m [36m# [STEP2] ユーザログイン後のテスト 自分のユーザ詳細画面のテスト サイドバーの確認 Create Bookボタンが表示される[0m
[31mrspec ./spec/system/02_after_login_spec.rb:374[0m [36m# [STEP2] ユーザログイン後のテスト 自分のユーザ情報編集画面のテスト 表示の確認 URLが正しい[0m
[31mrspec ./spec/system/02_after_login_spec.rb:377[0m [36m# [STEP2] ユーザログイン後のテスト 自分のユーザ情報編集画面のテスト 表示の確認 名前編集フォームに自分の名前が表示される[0m
[31mrspec ./spec/system/02_after_login_spec.rb:380[0m [36m# [STEP2] ユーザログイン後のテスト 自分のユーザ情報編集画面のテスト 表示の確認 画像編集フォームが表示される[0m
[31mrspec ./spec/system/02_after_login_spec.rb:383[0m [36m# [STEP2] ユーザログイン後のテスト 自分のユーザ情報編集画面のテスト 表示の確認 自己紹介編集フォームに自分の自己紹介文が表示される[0m
[31mrspec ./spec/system/02_after_login_spec.rb:386[0m [36m# [STEP2] ユーザログイン後のテスト 自分のユーザ情報編集画面のテスト 表示の確認 Update Userボタンが表示される[0m
[31mrspec ./spec/system/02_after_login_spec.rb:402[0m [36m# [STEP2] ユーザログイン後のテスト 自分のユーザ情報編集画面のテスト 更新成功のテスト nameが正しく更新される[0m
[31mrspec ./spec/system/02_after_login_spec.rb:405[0m [36m# [STEP2] ユーザログイン後のテスト 自分のユーザ情報編集画面のテスト 更新成功のテスト introductionが正しく更新される[0m
[31mrspec ./spec/system/02_after_login_spec.rb:408[0m [36m# [STEP2] ユーザログイン後のテスト 自分のユーザ情報編集画面のテスト 更新成功のテスト リダイレクト先が、自分のユーザ詳細画面になっている[0m
[31mrspec ./spec/system/03_finishing_touches_spec.rb:12[0m [36m# [STEP3] 仕上げのテスト サクセスメッセージのテスト ユーザ新規登録成功時[0m
[31mrspec ./spec/system/03_finishing_touches_spec.rb:21[0m [36m# [STEP3] 仕上げのテスト サクセスメッセージのテスト ユーザログイン成功時[0m
[31mrspec ./spec/system/03_finishing_touches_spec.rb:28[0m [36m# [STEP3] 仕上げのテスト サクセスメッセージのテスト ユーザログアウト成功時[0m
[31mrspec ./spec/system/03_finishing_touches_spec.rb:38[0m [36m# [STEP3] 仕上げのテスト サクセスメッセージのテスト ユーザのプロフィール情報更新成功時[0m
[31mrspec ./spec/system/03_finishing_touches_spec.rb:47[0m [36m# [STEP3] 仕上げのテスト サクセスメッセージのテスト 投稿データの新規投稿成功時: 投稿一覧画面から行います。[0m
[31mrspec ./spec/system/03_finishing_touches_spec.rb:58[0m [36m# [STEP3] 仕上げのテスト サクセスメッセージのテスト 投稿データの更新成功時[0m
[31mrspec ./spec/system/03_finishing_touches_spec.rb:81[0m [36m# [STEP3] 仕上げのテスト 処理失敗時のテスト ユーザ新規登録失敗: nameを1文字にする 新規登録されない[0m
[31mrspec ./spec/system/03_finishing_touches_spec.rb:84[0m [36m# [STEP3] 仕上げのテスト 処理失敗時のテスト ユーザ新規登録失敗: nameを1文字にする 新規登録画面を表示しており、フォームの内容が正しい[0m
[31mrspec ./spec/system/03_finishing_touches_spec.rb:90[0m [36m# [STEP3] 仕上げのテスト 処理失敗時のテスト ユーザ新規登録失敗: nameを1文字にする バリデーションエラーが表示される[0m
[31mrspec ./spec/system/03_finishing_touches_spec.rb:109[0m [36m# [STEP3] 仕上げのテスト 処理失敗時のテスト ユーザのプロフィール情報編集失敗: nameを1文字にする 更新されない[0m
[31mrspec ./spec/system/03_finishing_touches_spec.rb:112[0m [36m# [STEP3] 仕上げのテスト 処理失敗時のテスト ユーザのプロフィール情報編集失敗: nameを1文字にする ユーザ編集画面を表示しており、フォームの内容が正しい[0m
[31mrspec ./spec/system/03_finishing_touches_spec.rb:115[0m [36m# [STEP3] 仕上げのテスト 処理失敗時のテスト ユーザのプロフィール情報編集失敗: nameを1文字にする バリデーションエラーが表示される[0m
[31mrspec ./spec/system/03_finishing_touches_spec.rb:131[0m [36m# [STEP3] 仕上げのテスト 処理失敗時のテスト 投稿データの新規投稿失敗: 投稿一覧画面から行い、titleを空にする 投稿が保存されない[0m
[31mrspec ./spec/system/03_finishing_touches_spec.rb:134[0m [36m# [STEP3] 仕上げのテスト 処理失敗時のテスト 投稿データの新規投稿失敗: 投稿一覧画面から行い、titleを空にする 投稿一覧画面を表示している[0m
[31mrspec ./spec/system/03_finishing_touches_spec.rb:140[0m [36m# [STEP3] 仕上げのテスト 処理失敗時のテスト 投稿データの新規投稿失敗: 投稿一覧画面から行い、titleを空にする 新規投稿フォームの内容が正しい[0m
[31mrspec ./spec/system/03_finishing_touches_spec.rb:144[0m [36m# [STEP3] 仕上げのテスト 処理失敗時のテスト 投稿データの新規投稿失敗: 投稿一覧画面から行い、titleを空にする バリデーションエラーが表示される[0m
[31mrspec ./spec/system/03_finishing_touches_spec.rb:162[0m [36m# [STEP3] 仕上げのテスト 処理失敗時のテスト 投稿データの更新失敗: titleを空にする 投稿が更新されない[0m
[31mrspec ./spec/system/03_finishing_touches_spec.rb:165[0m [36m# [STEP3] 仕上げのテスト 処理失敗時のテスト 投稿データの更新失敗: titleを空にする 投稿編集画面を表示しており、フォームの内容が正しい[0m
[31mrspec ./spec/system/03_finishing_touches_spec.rb:170[0m [36m# [STEP3] 仕上げのテスト 処理失敗時のテスト 投稿データの更新失敗: titleを空にする エラーメッセージが表示される[0m
[31mrspec ./spec/system/03_finishing_touches_spec.rb:179[0m [36m# [STEP3] 仕上げのテスト ログインしていない場合のアクセス制限のテスト: アクセスできず、ログイン画面に遷移する ユーザ一覧画面[0m
[31mrspec ./spec/system/03_finishing_touches_spec.rb:183[0m [36m# [STEP3] 仕上げのテスト ログインしていない場合のアクセス制限のテスト: アクセスできず、ログイン画面に遷移する ユーザ詳細画面[0m
[31mrspec ./spec/system/03_finishing_touches_spec.rb:187[0m [36m# [STEP3] 仕上げのテスト ログインしていない場合のアクセス制限のテスト: アクセスできず、ログイン画面に遷移する ユーザ情報編集画面[0m
[31mrspec ./spec/system/03_finishing_touches_spec.rb:191[0m [36m# [STEP3] 仕上げのテスト ログインしていない場合のアクセス制限のテスト: アクセスできず、ログイン画面に遷移する 投稿一覧画面[0m
[31mrspec ./spec/system/03_finishing_touches_spec.rb:195[0m [36m# [STEP3] 仕上げのテスト ログインしていない場合のアクセス制限のテスト: アクセスできず、ログイン画面に遷移する 投稿詳細画面[0m
[31mrspec ./spec/system/03_finishing_touches_spec.rb:199[0m [36m# [STEP3] 仕上げのテスト ログインしていない場合のアクセス制限のテスト: アクセスできず、ログイン画面に遷移する 投稿編集画面[0m
[31mrspec ./spec/system/03_finishing_touches_spec.rb:219[0m [36m# [STEP3] 仕上げのテスト 他人の画面のテスト 他人の投稿詳細画面のテスト 表示内容の確認 URLが正しい[0m
[31mrspec ./spec/system/03_finishing_touches_spec.rb:222[0m [36m# [STEP3] 仕上げのテスト 他人の画面のテスト 他人の投稿詳細画面のテスト 表示内容の確認 「Book detail」と表示される[0m
[31mrspec ./spec/system/03_finishing_touches_spec.rb:225[0m [36m# [STEP3] 仕上げのテスト 他人の画面のテスト 他人の投稿詳細画面のテスト 表示内容の確認 ユーザ画像・名前のリンク先が正しい[0m
[31mrspec ./spec/system/03_finishing_touches_spec.rb:228[0m [36m# [STEP3] 仕上げのテスト 他人の画面のテスト 他人の投稿詳細画面のテスト 表示内容の確認 投稿のtitleが表示される[0m
[31mrspec ./spec/system/03_finishing_touches_spec.rb:231[0m [36m# [STEP3] 仕上げのテスト 他人の画面のテスト 他人の投稿詳細画面のテスト 表示内容の確認 投稿のopinionが表示される[0m
[31mrspec ./spec/system/03_finishing_touches_spec.rb:234[0m [36m# [STEP3] 仕上げのテスト 他人の画面のテスト 他人の投稿詳細画面のテスト 表示内容の確認 投稿の編集リンクが表示されない[0m
[31mrspec ./spec/system/03_finishing_touches_spec.rb:237[0m [36m# [STEP3] 仕上げのテスト 他人の画面のテスト 他人の投稿詳細画面のテスト 表示内容の確認 投稿の削除リンクが表示されない[0m
[31mrspec ./spec/system/03_finishing_touches_spec.rb:243[0m [36m# [STEP3] 仕上げのテスト 他人の画面のテスト 他人の投稿詳細画面のテスト サイドバーの確認 他人の名前と紹介文が表示される[0m
[31mrspec ./spec/system/03_finishing_touches_spec.rb:247[0m [36m# [STEP3] 仕上げのテスト 他人の画面のテスト 他人の投稿詳細画面のテスト サイドバーの確認 他人のユーザ編集画面へのリンクが存在する[0m
[31mrspec ./spec/system/03_finishing_touches_spec.rb:250[0m [36m# [STEP3] 仕上げのテスト 他人の画面のテスト 他人の投稿詳細画面のテスト サイドバーの確認 自分の名前と紹介文は表示されない[0m
[31mrspec ./spec/system/03_finishing_touches_spec.rb:254[0m [36m# [STEP3] 仕上げのテスト 他人の画面のテスト 他人の投稿詳細画面のテスト サイドバーの確認 自分のユーザ編集画面へのリンクは存在しない[0m
[31mrspec ./spec/system/03_finishing_touches_spec.rb:265[0m [36m# [STEP3] 仕上げのテスト 他人の画面のテスト 他人の投稿編集画面 遷移できず、投稿一覧画面にリダイレクトされる[0m
[31mrspec ./spec/system/03_finishing_touches_spec.rb:279[0m [36m# [STEP3] 仕上げのテスト 他人の画面のテスト 他人のユーザ詳細画面のテスト 表示の確認 URLが正しい[0m
[31mrspec ./spec/system/03_finishing_touches_spec.rb:282[0m [36m# [STEP3] 仕上げのテスト 他人の画面のテスト 他人のユーザ詳細画面のテスト 表示の確認 投稿一覧のユーザ画像のリンク先が正しい[0m
[31mrspec ./spec/system/03_finishing_touches_spec.rb:285[0m [36m# [STEP3] 仕上げのテスト 他人の画面のテスト 他人のユーザ詳細画面のテスト 表示の確認 投稿一覧に他人の投稿のtitleが表示され、リンクが正しい[0m
[31mrspec ./spec/system/03_finishing_touches_spec.rb:288[0m [36m# [STEP3] 仕上げのテスト 他人の画面のテスト 他人のユーザ詳細画面のテスト 表示の確認 投稿一覧に他人の投稿のopinionが表示される[0m
[31mrspec ./spec/system/03_finishing_touches_spec.rb:291[0m [36m# [STEP3] 仕上げのテスト 他人の画面のテスト 他人のユーザ詳細画面のテスト 表示の確認 自分の投稿は表示されない[0m
[31mrspec ./spec/system/03_finishing_touches_spec.rb:298[0m [36m# [STEP3] 仕上げのテスト 他人の画面のテスト 他人のユーザ詳細画面のテスト サイドバーの確認 他人の名前と紹介文が表示される[0m
[31mrspec ./spec/system/03_finishing_touches_spec.rb:302[0m [36m# [STEP3] 仕上げのテスト 他人の画面のテスト 他人のユーザ詳細画面のテスト サイドバーの確認 他人のユーザ編集画面へのリンクが存在する[0m
[31mrspec ./spec/system/03_finishing_touches_spec.rb:305[0m [36m# [STEP3] 仕上げのテスト 他人の画面のテスト 他人のユーザ詳細画面のテスト サイドバーの確認 自分の名前と紹介文は表示されない[0m
[31mrspec ./spec/system/03_finishing_touches_spec.rb:309[0m [36m# [STEP3] 仕上げのテスト 他人の画面のテスト 他人のユーザ詳細画面のテスト サイドバーの確認 自分のユーザ編集画面へのリンクは存在しない[0m
[31mrspec ./spec/system/03_finishing_touches_spec.rb:316[0m [36m# [STEP3] 仕上げのテスト 他人の画面のテスト 他人のユーザ情報編集画面 遷移できず、自分のユーザ詳細画面にリダイレクトされる[0m
[31mrspec ./spec/system/03_finishing_touches_spec.rb:333[0m [36m# [STEP3] 仕上げのテスト グリッドシステムのテスト: container, row, col-md-〇を正しく使えている ユーザ一覧画面[0m
[31mrspec ./spec/system/03_finishing_touches_spec.rb:338[0m [36m# [STEP3] 仕上げのテスト グリッドシステムのテスト: container, row, col-md-〇を正しく使えている ユーザ詳細画面[0m
[31mrspec ./spec/system/03_finishing_touches_spec.rb:343[0m [36m# [STEP3] 仕上げのテスト グリッドシステムのテスト: container, row, col-md-〇を正しく使えている 投稿一覧画面[0m
[31mrspec ./spec/system/03_finishing_touches_spec.rb:348[0m [36m# [STEP3] 仕上げのテスト グリッドシステムのテスト: container, row, col-md-〇を正しく使えている 投稿詳細画面[0m
[31mrspec ./spec/system/03_finishing_touches_spec.rb:363[0m [36m# [STEP3] 仕上げのテスト アイコンのテスト トップ画面 本のアイコンが表示される[0m
[31mrspec ./spec/system/03_finishing_touches_spec.rb:375[0m [36m# [STEP3] 仕上げのテスト アイコンのテスト アバウト画面 本のアイコンが表示される[0m
[31mrspec ./spec/system/03_finishing_touches_spec.rb:387[0m [36m# [STEP3] 仕上げのテスト アイコンのテスト ヘッダー: ログインしていない場合 Homeリンクのアイコンが表示される[0m
[31mrspec ./spec/system/03_finishing_touches_spec.rb:390[0m [36m# [STEP3] 仕上げのテスト アイコンのテスト ヘッダー: ログインしていない場合 Aboutリンクのアイコンが表示される[0m
[31mrspec ./spec/system/03_finishing_touches_spec.rb:393[0m [36m# [STEP3] 仕上げのテスト アイコンのテスト ヘッダー: ログインしていない場合 Sign upリンクのアイコンが表示される[0m
[31mrspec ./spec/system/03_finishing_touches_spec.rb:396[0m [36m# [STEP3] 仕上げのテスト アイコンのテスト ヘッダー: ログインしていない場合 Log inリンクのアイコンが表示される[0m
[31mrspec ./spec/system/03_finishing_touches_spec.rb:411[0m [36m# [STEP3] 仕上げのテスト アイコンのテスト ヘッダー: ログインしている場合 Homeリンクのアイコンが表示される[0m
[31mrspec ./spec/system/03_finishing_touches_spec.rb:414[0m [36m# [STEP3] 仕上げのテスト アイコンのテスト ヘッダー: ログインしている場合 Usersリンクのアイコンが表示される[0m
[31mrspec ./spec/system/03_finishing_touches_spec.rb:417[0m [36m# [STEP3] 仕上げのテスト アイコンのテスト ヘッダー: ログインしている場合 Booksリンクのアイコンが表示される[0m
[31mrspec ./spec/system/03_finishing_touches_spec.rb:420[0m [36m# [STEP3] 仕上げのテスト アイコンのテスト ヘッダー: ログインしている場合 Log outリンクのアイコンが表示される[0m
[31mrspec ./spec/system/03_finishing_touches_spec.rb:435[0m [36m# [STEP3] 仕上げのテスト アイコンのテスト サイドバー ユーザ一覧画面でレンチアイコンが表示される[0m
[31mrspec ./spec/system/03_finishing_touches_spec.rb:439[0m [36m# [STEP3] 仕上げのテスト アイコンのテスト サイドバー ユーザ詳細画面でレンチアイコンが表示される[0m
[31mrspec ./spec/system/03_finishing_touches_spec.rb:443[0m [36m# [STEP3] 仕上げのテスト アイコンのテスト サイドバー 投稿一覧画面でレンチアイコンが表示される[0m
[31mrspec ./spec/system/03_finishing_touches_spec.rb:447[0m [36m# [STEP3] 仕上げのテスト アイコンのテスト サイドバー 投稿詳細画面でレンチアイコンが表示される[0m

